# JRE version: Java(TM) SE Runtime Environment (14.0.2+12) (build 14.0.2+12-46)
# Java VM: Java HotSpot(TM) 64-Bit Server VM (14.0.2+12-46, mixed mode, sharing, tiered, compressed oops, g1 gc, windows-amd64)
Heap:
 garbage-first heap   total 184320K, used 139676K [0x0000000700000000, 0x0000000800000000)
  region size 1024K, 106 young (108544K), 13 survivors (13312K)
 Metaspace       used 34304K, capacity 35433K, committed 35584K, reserved 1081344K
  class space    used 4048K, capacity 4493K, committed 4608K, reserved 1048576K
GC Heap History (14 events):
Event: 0.341 GC heap before
{Heap before GC invocations=0 (full 0):
 garbage-first heap   total 262144K, used 12288K [0x0000000700000000, 0x0000000800000000)
  region size 1024K, 13 young (13312K), 0 survivors (0K)
 Metaspace       used 246K, capacity 4480K, committed 4480K, reserved 1056768K
  class space    used 10K, capacity 384K, committed 384K, reserved 1048576K
}
Event: 0.346 GC heap after
{Heap after GC invocations=1 (full 0):
 garbage-first heap   total 262144K, used 636K [0x0000000700000000, 0x0000000800000000)
  region size 1024K, 1 young (1024K), 1 survivors (1024K)
 Metaspace       used 246K, capacity 4480K, committed 4480K, reserved 1056768K
  class space    used 10K, capacity 384K, committed 384K, reserved 1048576K
}
Event: 0.818 GC heap before
{Heap before GC invocations=1 (full 0):
 garbage-first heap   total 262144K, used 20092K [0x0000000700000000, 0x0000000800000000)
  region size 1024K, 20 young (20480K), 1 survivors (1024K)
 Metaspace       used 2175K, capacity 5172K, committed 5504K, reserved 1056768K
  class space    used 224K, capacity 519K, committed 640K, reserved 1048576K
}
Event: 0.824 GC heap after
{Heap after GC invocations=2 (full 0):
 garbage-first heap   total 262144K, used 6230K [0x0000000700000000, 0x0000000800000000)
  region size 1024K, 3 young (3072K), 3 survivors (3072K)
 Metaspace       used 2175K, capacity 5172K, committed 5504K, reserved 1056768K
  class space    used 224K, capacity 519K, committed 640K, reserved 1048576K
}
Event: 3.217 GC heap before
{Heap before GC invocations=2 (full 0):
 garbage-first heap   total 262144K, used 162902K [0x0000000700000000, 0x0000000800000000)
  region size 1024K, 153 young (156672K), 3 survivors (3072K)
 Metaspace       used 8609K, capacity 9616K, committed 9728K, reserved 1058816K
  class space    used 856K, capacity 1024K, committed 1024K, reserved 1048576K
}
Event: 3.237 GC heap after
{Heap after GC invocations=3 (full 0):
 garbage-first heap   total 262144K, used 31998K [0x0000000700000000, 0x0000000800000000)
  region size 1024K, 20 young (20480K), 20 survivors (20480K)
 Metaspace       used 8609K, capacity 9616K, committed 9728K, reserved 1058816K
  class space    used 856K, capacity 1024K, committed 1024K, reserved 1048576K
}
Event: 4.199 GC heap before
{Heap before GC invocations=3 (full 0):
 garbage-first heap   total 262144K, used 138494K [0x0000000700000000, 0x0000000800000000)
  region size 1024K, 124 young (126976K), 20 survivors (20480K)
 Metaspace       used 12835K, capacity 13197K, committed 13440K, reserved 1060864K
  class space    used 1437K, capacity 1598K, committed 1664K, reserved 1048576K
}
Event: 4.227 GC heap after
{Heap after GC invocations=4 (full 0):
 garbage-first heap   total 262144K, used 36755K [0x0000000700000000, 0x0000000800000000)
  region size 1024K, 5 young (5120K), 5 survivors (5120K)
 Metaspace       used 12835K, capacity 13197K, committed 13440K, reserved 1060864K
  class space    used 1437K, capacity 1598K, committed 1664K, reserved 1048576K
}
Event: 5.106 GC heap before
{Heap before GC invocations=4 (full 0):
 garbage-first heap   total 262144K, used 179091K [0x0000000700000000, 0x0000000800000000)
  region size 1024K, 144 young (147456K), 5 survivors (5120K)
 Metaspace       used 15562K, capacity 16055K, committed 16256K, reserved 1062912K
  class space    used 1716K, capacity 1908K, committed 1920K, reserved 1048576K
}
Event: 5.116 GC heap after
{Heap after GC invocations=5 (full 0):
 garbage-first heap   total 316416K, used 37710K [0x0000000700000000, 0x0000000800000000)
  region size 1024K, 6 young (6144K), 6 survivors (6144K)
 Metaspace       used 15562K, capacity 16055K, committed 16256K, reserved 1062912K
  class space    used 1716K, capacity 1908K, committed 1920K, reserved 1048576K
}
Event: 6.201 GC heap before
{Heap before GC invocations=5 (full 0):
 garbage-first heap   total 316416K, used 103246K [0x0000000700000000, 0x0000000800000000)
  region size 1024K, 67 young (68608K), 6 survivors (6144K)
 Metaspace       used 20624K, capacity 21194K, committed 21248K, reserved 1069056K
  class space    used 2323K, capacity 2550K, committed 2560K, reserved 1048576K
}
Event: 6.215 GC heap after
{Heap after GC invocations=6 (full 0):
 garbage-first heap   total 316416K, used 48010K [0x0000000700000000, 0x0000000800000000)
  region size 1024K, 12 young (12288K), 12 survivors (12288K)
 Metaspace       used 20624K, capacity 21194K, committed 21248K, reserved 1069056K
  class space    used 2323K, capacity 2550K, committed 2560K, reserved 1048576K
}
Event: 8.007 GC heap before
{Heap before GC invocations=7 (full 0):
 garbage-first heap   total 171008K, used 169866K [0x0000000700000000, 0x0000000800000000)
  region size 1024K, 131 young (134144K), 12 survivors (12288K)
 Metaspace       used 28690K, capacity 29529K, committed 29824K, reserved 1075200K
  class space    used 3270K, capacity 3592K, committed 3712K, reserved 1048576K
}
Event: 8.032 GC heap after
{Heap after GC invocations=8 (full 0):
 garbage-first heap   total 184320K, used 45468K [0x0000000700000000, 0x0000000800000000)
  region size 1024K, 13 young (13312K), 13 survivors (13312K)
 Metaspace       used 28690K, capacity 29529K, committed 29824K, reserved 1075200K
  class space    used 3270K, capacity 3592K, committed 3712K, reserved 1048576K
}

