# JRE version: Java(TM) SE Runtime Environment (14.0.2+12) (build 14.0.2+12-46)
# Java VM: Java HotSpot(TM) 64-Bit Server VM (14.0.2+12-46, mixed mode, sharing, tiered, compressed oops, g1 gc, windows-amd64)
Heap:
 garbage-first heap   total 291840K, used 173426K [0x0000000700000000, 0x0000000800000000)
  region size 1024K, 56 young (57344K), 5 survivors (5120K)
 Metaspace       used 32205K, capacity 33176K, committed 33480K, reserved 1079296K
  class space    used 3388K, capacity 3719K, committed 3840K, reserved 1048576K
GC Heap History (20 events):
Event: 20.742 GC heap before
{Heap before GC invocations=25 (full 0):
 garbage-first heap   total 201728K, used 157170K [0x0000000700000000, 0x0000000800000000)
  region size 1024K, 44 young (45056K), 1 survivors (1024K)
 Metaspace       used 27266K, capacity 27996K, committed 28104K, reserved 1075200K
  class space    used 2917K, capacity 3221K, committed 3328K, reserved 1048576K
}
Event: 20.747 GC heap after
{Heap after GC invocations=26 (full 0):
 garbage-first heap   total 201728K, used 112375K [0x0000000700000000, 0x0000000800000000)
  region size 1024K, 5 young (5120K), 5 survivors (5120K)
 Metaspace       used 27266K, capacity 27996K, committed 28104K, reserved 1075200K
  class space    used 2917K, capacity 3221K, committed 3328K, reserved 1048576K
}
Event: 20.800 GC heap before
{Heap before GC invocations=26 (full 0):
 garbage-first heap   total 201728K, used 115447K [0x0000000700000000, 0x0000000800000000)
  region size 1024K, 9 young (9216K), 5 survivors (5120K)
 Metaspace       used 27268K, capacity 27996K, committed 28104K, reserved 1075200K
  class space    used 2917K, capacity 3221K, committed 3328K, reserved 1048576K
}
Event: 20.808 GC heap after
{Heap after GC invocations=27 (full 0):
 garbage-first heap   total 201728K, used 98060K [0x0000000700000000, 0x0000000800000000)
  region size 1024K, 2 young (2048K), 2 survivors (2048K)
 Metaspace       used 27268K, capacity 27996K, committed 28104K, reserved 1075200K
  class space    used 2917K, capacity 3221K, committed 3328K, reserved 1048576K
}
Event: 20.901 GC heap before
{Heap before GC invocations=27 (full 0):
 garbage-first heap   total 201728K, used 102156K [0x0000000700000000, 0x0000000800000000)
  region size 1024K, 7 young (7168K), 2 survivors (2048K)
 Metaspace       used 27268K, capacity 27996K, committed 28104K, reserved 1075200K
  class space    used 2917K, capacity 3221K, committed 3328K, reserved 1048576K
}
Event: 20.904 GC heap after
{Heap after GC invocations=28 (full 0):
 garbage-first heap   total 242688K, used 102095K [0x0000000700000000, 0x0000000800000000)
  region size 1024K, 6 young (6144K), 6 survivors (6144K)
 Metaspace       used 27268K, capacity 27996K, committed 28104K, reserved 1075200K
  class space    used 2917K, capacity 3221K, committed 3328K, reserved 1048576K
}
Event: 21.833 GC heap before
{Heap before GC invocations=29 (full 0):
 garbage-first heap   total 242688K, used 159439K [0x0000000700000000, 0x0000000800000000)
  region size 1024K, 58 young (59392K), 6 survivors (6144K)
 Metaspace       used 27379K, capacity 28137K, committed 28360K, reserved 1075200K
  class space    used 2920K, capacity 3223K, committed 3328K, reserved 1048576K
}
Event: 21.847 GC heap after
{Heap after GC invocations=30 (full 0):
 garbage-first heap   total 242688K, used 128916K [0x0000000700000000, 0x0000000800000000)
  region size 1024K, 8 young (8192K), 8 survivors (8192K)
 Metaspace       used 27379K, capacity 28137K, committed 28360K, reserved 1075200K
  class space    used 2920K, capacity 3223K, committed 3328K, reserved 1048576K
}
Event: 21.868 GC heap before
{Heap before GC invocations=30 (full 0):
 garbage-first heap   total 242688K, used 131988K [0x0000000700000000, 0x0000000800000000)
  region size 1024K, 11 young (11264K), 8 survivors (8192K)
 Metaspace       used 27379K, capacity 28137K, committed 28360K, reserved 1075200K
  class space    used 2920K, capacity 3223K, committed 3328K, reserved 1048576K
}
Event: 21.888 GC heap after
{Heap after GC invocations=31 (full 0):
 garbage-first heap   total 242688K, used 116639K [0x0000000700000000, 0x0000000800000000)
  region size 1024K, 2 young (2048K), 2 survivors (2048K)
 Metaspace       used 27379K, capacity 28137K, committed 28360K, reserved 1075200K
  class space    used 2920K, capacity 3223K, committed 3328K, reserved 1048576K
}
Event: 22.677 GC heap before
{Heap before GC invocations=31 (full 0):
 garbage-first heap   total 242688K, used 157599K [0x0000000700000000, 0x0000000800000000)
  region size 1024K, 43 young (44032K), 2 survivors (2048K)
 Metaspace       used 27392K, capacity 28139K, committed 28360K, reserved 1075200K
  class space    used 2920K, capacity 3223K, committed 3328K, reserved 1048576K
}
Event: 22.688 GC heap after
{Heap after GC invocations=32 (full 0):
 garbage-first heap   total 242688K, used 129536K [0x0000000700000000, 0x0000000800000000)
  region size 1024K, 6 young (6144K), 6 survivors (6144K)
 Metaspace       used 27392K, capacity 28139K, committed 28360K, reserved 1075200K
  class space    used 2920K, capacity 3223K, committed 3328K, reserved 1048576K
}
Event: 23.129 GC heap before
{Heap before GC invocations=33 (full 0):
 garbage-first heap   total 242688K, used 144896K [0x0000000700000000, 0x0000000800000000)
  region size 1024K, 48 young (49152K), 6 survivors (6144K)
 Metaspace       used 27392K, capacity 28139K, committed 28360K, reserved 1075200K
  class space    used 2920K, capacity 3223K, committed 3328K, reserved 1048576K
}
Event: 23.144 GC heap after
{Heap after GC invocations=34 (full 0):
 garbage-first heap   total 242688K, used 116095K [0x0000000700000000, 0x0000000800000000)
  region size 1024K, 6 young (6144K), 6 survivors (6144K)
 Metaspace       used 27392K, capacity 28139K, committed 28360K, reserved 1075200K
  class space    used 2920K, capacity 3223K, committed 3328K, reserved 1048576K
}
Event: 23.232 GC heap before
{Heap before GC invocations=34 (full 0):
 garbage-first heap   total 242688K, used 121215K [0x0000000700000000, 0x0000000800000000)
  region size 1024K, 11 young (11264K), 6 survivors (6144K)
 Metaspace       used 27392K, capacity 28139K, committed 28360K, reserved 1075200K
  class space    used 2920K, capacity 3223K, committed 3328K, reserved 1048576K
}
Event: 23.249 GC heap after
{Heap after GC invocations=35 (full 0):
 garbage-first heap   total 291840K, used 103234K [0x0000000700000000, 0x0000000800000000)
  region size 1024K, 2 young (2048K), 2 survivors (2048K)
 Metaspace       used 27392K, capacity 28139K, committed 28360K, reserved 1075200K
  class space    used 2920K, capacity 3223K, committed 3328K, reserved 1048576K
}
Event: 24.230 GC heap before
{Heap before GC invocations=35 (full 0):
 garbage-first heap   total 291840K, used 175938K [0x0000000700000000, 0x0000000800000000)
  region size 1024K, 70 young (71680K), 2 survivors (2048K)
 Metaspace       used 27731K, capacity 28447K, committed 28616K, reserved 1075200K
  class space    used 2944K, capacity 3240K, committed 3328K, reserved 1048576K
}
Event: 24.249 GC heap after
{Heap after GC invocations=36 (full 0):
 garbage-first heap   total 291840K, used 121344K [0x0000000700000000, 0x0000000800000000)
  region size 1024K, 9 young (9216K), 9 survivors (9216K)
 Metaspace       used 27731K, capacity 28447K, committed 28616K, reserved 1075200K
  class space    used 2944K, capacity 3240K, committed 3328K, reserved 1048576K
}
Event: 26.237 GC heap before
{Heap before GC invocations=36 (full 0):
 garbage-first heap   total 291840K, used 187904K [0x0000000700000000, 0x0000000800000000)
  region size 1024K, 74 young (75776K), 9 survivors (9216K)
 Metaspace       used 30534K, capacity 31499K, committed 31816K, reserved 1077248K
  class space    used 3242K, capacity 3586K, committed 3712K, reserved 1048576K
}
Event: 26.257 GC heap after
{Heap after GC invocations=37 (full 0):
 garbage-first heap   total 291840K, used 122226K [0x0000000700000000, 0x0000000800000000)
  region size 1024K, 5 young (5120K), 5 survivors (5120K)
 Metaspace       used 30534K, capacity 31499K, committed 31816K, reserved 1077248K
  class space    used 3242K, capacity 3586K, committed 3712K, reserved 1048576K
}

