# JRE version: Java(TM) SE Runtime Environment (14.0.2+12) (build 14.0.2+12-46)
# Java VM: Java HotSpot(TM) 64-Bit Server VM (14.0.2+12-46, mixed mode, sharing, tiered, compressed oops, g1 gc, windows-amd64)
Heap:
 garbage-first heap   total 328704K, used 145265K [0x0000000700000000, 0x0000000800000000)
  region size 1024K, 23 young (23552K), 4 survivors (4096K)
 Metaspace       used 32202K, capacity 33112K, committed 33480K, reserved 1079296K
  class space    used 3394K, capacity 3719K, committed 3840K, reserved 1048576K
GC Heap History (20 events):
Event: 20.433 GC heap before
{Heap before GC invocations=25 (full 0):
 garbage-first heap   total 227328K, used 174709K [0x0000000700000000, 0x0000000800000000)
  region size 1024K, 59 young (60416K), 2 survivors (2048K)
 Metaspace       used 27188K, capacity 27927K, committed 28104K, reserved 1075200K
  class space    used 2918K, capacity 3221K, committed 3328K, reserved 1048576K
}
Event: 20.440 GC heap after
{Heap after GC invocations=26 (full 0):
 garbage-first heap   total 227328K, used 127775K [0x0000000700000000, 0x0000000800000000)
  region size 1024K, 8 young (8192K), 8 survivors (8192K)
 Metaspace       used 27188K, capacity 27927K, committed 28104K, reserved 1075200K
  class space    used 2918K, capacity 3221K, committed 3328K, reserved 1048576K
}
Event: 20.481 GC heap before
{Heap before GC invocations=26 (full 0):
 garbage-first heap   total 227328K, used 130847K [0x0000000700000000, 0x0000000800000000)
  region size 1024K, 11 young (11264K), 8 survivors (8192K)
 Metaspace       used 27188K, capacity 27927K, committed 28104K, reserved 1075200K
  class space    used 2918K, capacity 3221K, committed 3328K, reserved 1048576K
}
Event: 20.495 GC heap after
{Heap after GC invocations=27 (full 0):
 garbage-first heap   total 227328K, used 113108K [0x0000000700000000, 0x0000000800000000)
  region size 1024K, 2 young (2048K), 2 survivors (2048K)
 Metaspace       used 27188K, capacity 27927K, committed 28104K, reserved 1075200K
  class space    used 2918K, capacity 3221K, committed 3328K, reserved 1048576K
}
Event: 20.717 GC heap before
{Heap before GC invocations=27 (full 0):
 garbage-first heap   total 227328K, used 121300K [0x0000000700000000, 0x0000000800000000)
  region size 1024K, 12 young (12288K), 2 survivors (2048K)
 Metaspace       used 27272K, capacity 27996K, committed 28104K, reserved 1075200K
  class space    used 2920K, capacity 3221K, committed 3328K, reserved 1048576K
}
Event: 20.723 GC heap after
{Heap after GC invocations=28 (full 0):
 garbage-first heap   total 227328K, used 117587K [0x0000000700000000, 0x0000000800000000)
  region size 1024K, 7 young (7168K), 7 survivors (7168K)
 Metaspace       used 27272K, capacity 27996K, committed 28104K, reserved 1075200K
  class space    used 2920K, capacity 3221K, committed 3328K, reserved 1048576K
}
Event: 21.378 GC heap before
{Heap before GC invocations=29 (full 0):
 garbage-first heap   total 227328K, used 158547K [0x0000000700000000, 0x0000000800000000)
  region size 1024K, 46 young (47104K), 7 survivors (7168K)
 Metaspace       used 27295K, capacity 28068K, committed 28360K, reserved 1075200K
  class space    used 2921K, capacity 3223K, committed 3328K, reserved 1048576K
}
Event: 21.395 GC heap after
{Heap after GC invocations=30 (full 0):
 garbage-first heap   total 273408K, used 130454K [0x0000000700000000, 0x0000000800000000)
  region size 1024K, 6 young (6144K), 6 survivors (6144K)
 Metaspace       used 27295K, capacity 28068K, committed 28360K, reserved 1075200K
  class space    used 2921K, capacity 3223K, committed 3328K, reserved 1048576K
}
Event: 21.538 GC heap before
{Heap before GC invocations=30 (full 0):
 garbage-first heap   total 273408K, used 137622K [0x0000000700000000, 0x0000000800000000)
  region size 1024K, 13 young (13312K), 6 survivors (6144K)
 Metaspace       used 27303K, capacity 28070K, committed 28360K, reserved 1075200K
  class space    used 2921K, capacity 3223K, committed 3328K, reserved 1048576K
}
Event: 21.547 GC heap after
{Heap after GC invocations=31 (full 0):
 garbage-first heap   total 273408K, used 133261K [0x0000000700000000, 0x0000000800000000)
  region size 1024K, 2 young (2048K), 2 survivors (2048K)
 Metaspace       used 27303K, capacity 28070K, committed 28360K, reserved 1075200K
  class space    used 2921K, capacity 3223K, committed 3328K, reserved 1048576K
}
Event: 22.186 GC heap before
{Heap before GC invocations=31 (full 0):
 garbage-first heap   total 273408K, used 166029K [0x0000000700000000, 0x0000000800000000)
  region size 1024K, 35 young (35840K), 2 survivors (2048K)
 Metaspace       used 27307K, capacity 28070K, committed 28360K, reserved 1075200K
  class space    used 2921K, capacity 3223K, committed 3328K, reserved 1048576K
}
Event: 22.197 GC heap after
{Heap after GC invocations=32 (full 0):
 garbage-first heap   total 273408K, used 142650K [0x0000000700000000, 0x0000000800000000)
  region size 1024K, 7 young (7168K), 7 survivors (7168K)
 Metaspace       used 27307K, capacity 28070K, committed 28360K, reserved 1075200K
  class space    used 2921K, capacity 3223K, committed 3328K, reserved 1048576K
}
Event: 22.739 GC heap before
{Heap before GC invocations=33 (full 0):
 garbage-first heap   total 273408K, used 165178K [0x0000000700000000, 0x0000000800000000)
  region size 1024K, 57 young (58368K), 7 survivors (7168K)
 Metaspace       used 27308K, capacity 28134K, committed 28360K, reserved 1075200K
  class space    used 2921K, capacity 3223K, committed 3328K, reserved 1048576K
}
Event: 22.756 GC heap after
{Heap after GC invocations=34 (full 0):
 garbage-first heap   total 273408K, used 131254K [0x0000000700000000, 0x0000000800000000)
  region size 1024K, 8 young (8192K), 8 survivors (8192K)
 Metaspace       used 27308K, capacity 28134K, committed 28360K, reserved 1075200K
  class space    used 2921K, capacity 3223K, committed 3328K, reserved 1048576K
}
Event: 22.781 GC heap before
{Heap before GC invocations=34 (full 0):
 garbage-first heap   total 273408K, used 136374K [0x0000000700000000, 0x0000000800000000)
  region size 1024K, 13 young (13312K), 8 survivors (8192K)
 Metaspace       used 27308K, capacity 28134K, committed 28360K, reserved 1075200K
  class space    used 2921K, capacity 3223K, committed 3328K, reserved 1048576K
}
Event: 22.797 GC heap after
{Heap after GC invocations=35 (full 0):
 garbage-first heap   total 328704K, used 111410K [0x0000000700000000, 0x0000000800000000)
  region size 1024K, 2 young (2048K), 2 survivors (2048K)
 Metaspace       used 27308K, capacity 28134K, committed 28360K, reserved 1075200K
  class space    used 2921K, capacity 3223K, committed 3328K, reserved 1048576K
}
Event: 24.362 GC heap before
{Heap before GC invocations=35 (full 0):
 garbage-first heap   total 328704K, used 195378K [0x0000000700000000, 0x0000000800000000)
  region size 1024K, 82 young (83968K), 2 survivors (2048K)
 Metaspace       used 28281K, capacity 29110K, committed 29256K, reserved 1075200K
  class space    used 3008K, capacity 3334K, committed 3456K, reserved 1048576K
}
Event: 24.386 GC heap after
{Heap after GC invocations=36 (full 0):
 garbage-first heap   total 328704K, used 127814K [0x0000000700000000, 0x0000000800000000)
  region size 1024K, 11 young (11264K), 11 survivors (11264K)
 Metaspace       used 28281K, capacity 29110K, committed 29256K, reserved 1075200K
  class space    used 3008K, capacity 3334K, committed 3456K, reserved 1048576K
}
Event: 26.038 GC heap before
{Heap before GC invocations=36 (full 0):
 garbage-first heap   total 328704K, used 208710K [0x0000000700000000, 0x0000000800000000)
  region size 1024K, 90 young (92160K), 11 survivors (11264K)
 Metaspace       used 31336K, capacity 32243K, committed 32328K, reserved 1077248K
  class space    used 3316K, capacity 3685K, committed 3712K, reserved 1048576K
}
Event: 26.055 GC heap after
{Heap after GC invocations=37 (full 0):
 garbage-first heap   total 328704K, used 126833K [0x0000000700000000, 0x0000000800000000)
  region size 1024K, 4 young (4096K), 4 survivors (4096K)
 Metaspace       used 31336K, capacity 32243K, committed 32328K, reserved 1077248K
  class space    used 3316K, capacity 3685K, committed 3712K, reserved 1048576K
}

