# JRE version: Java(TM) SE Runtime Environment (14.0.2+12) (build 14.0.2+12-46)
# Java VM: Java HotSpot(TM) 64-Bit Server VM (14.0.2+12-46, mixed mode, sharing, tiered, compressed oops, g1 gc, windows-amd64)
Heap:
 garbage-first heap   total 211968K, used 86196K [0x0000000700000000, 0x0000000800000000)
  region size 1024K, 32 young (32768K), 4 survivors (4096K)
 Metaspace       used 35848K, capacity 37017K, committed 37120K, reserved 1081344K
  class space    used 4092K, capacity 4547K, committed 4608K, reserved 1048576K
GC Heap History (20 events):
Event: 9.664 GC heap before
{Heap before GC invocations=6 (full 0):
 garbage-first heap   total 315392K, used 209526K [0x0000000700000000, 0x0000000800000000)
  region size 1024K, 166 young (169984K), 8 survivors (8192K)
 Metaspace       used 15562K, capacity 16054K, committed 16256K, reserved 1062912K
  class space    used 1714K, capacity 1908K, committed 1920K, reserved 1048576K
}
Event: 9.677 GC heap after
{Heap after GC invocations=7 (full 0):
 garbage-first heap   total 315392K, used 48794K [0x0000000700000000, 0x0000000800000000)
  region size 1024K, 8 young (8192K), 8 survivors (8192K)
 Metaspace       used 15562K, capacity 16054K, committed 16256K, reserved 1062912K
  class space    used 1714K, capacity 1908K, committed 1920K, reserved 1048576K
}
Event: 11.475 GC heap before
{Heap before GC invocations=7 (full 0):
 garbage-first heap   total 315392K, used 129690K [0x0000000700000000, 0x0000000800000000)
  region size 1024K, 84 young (86016K), 8 survivors (8192K)
 Metaspace       used 20616K, capacity 21199K, committed 21248K, reserved 1069056K
  class space    used 2319K, capacity 2550K, committed 2560K, reserved 1048576K
}
Event: 11.505 GC heap after
{Heap after GC invocations=8 (full 0):
 garbage-first heap   total 315392K, used 59041K [0x0000000700000000, 0x0000000800000000)
  region size 1024K, 14 young (14336K), 14 survivors (14336K)
 Metaspace       used 20616K, capacity 21199K, committed 21248K, reserved 1069056K
  class space    used 2319K, capacity 2550K, committed 2560K, reserved 1048576K
}
Event: 16.032 GC heap before
{Heap before GC invocations=9 (full 0):
 garbage-first heap   total 211968K, used 209569K [0x0000000700000000, 0x0000000800000000)
  region size 1024K, 162 young (165888K), 14 survivors (14336K)
 Metaspace       used 30994K, capacity 31873K, committed 32128K, reserved 1077248K
  class space    used 3587K, capacity 3926K, committed 3968K, reserved 1048576K
}
Event: 16.070 GC heap after
{Heap after GC invocations=10 (full 0):
 garbage-first heap   total 228352K, used 57080K [0x0000000700000000, 0x0000000800000000)
  region size 1024K, 10 young (10240K), 10 survivors (10240K)
 Metaspace       used 30994K, capacity 31873K, committed 32128K, reserved 1077248K
  class space    used 3587K, capacity 3926K, committed 3968K, reserved 1048576K
}
Event: 39.543 GC heap before
{Heap before GC invocations=10 (full 0):
 garbage-first heap   total 228352K, used 180984K [0x0000000700000000, 0x0000000800000000)
  region size 1024K, 131 young (134144K), 10 survivors (10240K)
 Metaspace       used 34282K, capacity 35405K, committed 35456K, reserved 1081344K
  class space    used 4013K, capacity 4454K, committed 4480K, reserved 1048576K
}
Event: 39.562 GC heap after
{Heap after GC invocations=11 (full 0):
 garbage-first heap   total 228352K, used 58123K [0x0000000700000000, 0x0000000800000000)
  region size 1024K, 10 young (10240K), 10 survivors (10240K)
 Metaspace       used 34282K, capacity 35405K, committed 35456K, reserved 1081344K
  class space    used 4013K, capacity 4454K, committed 4480K, reserved 1048576K
}
Event: 43.651 GC heap before
{Heap before GC invocations=11 (full 0):
 garbage-first heap   total 228352K, used 85771K [0x0000000700000000, 0x0000000800000000)
  region size 1024K, 38 young (38912K), 10 survivors (10240K)
 Metaspace       used 34540K, capacity 35695K, committed 35840K, reserved 1081344K
  class space    used 4038K, capacity 4486K, committed 4608K, reserved 1048576K
}
Event: 43.669 GC heap after
{Heap after GC invocations=12 (full 0):
 garbage-first heap   total 228352K, used 58091K [0x0000000700000000, 0x0000000800000000)
  region size 1024K, 10 young (10240K), 10 survivors (10240K)
 Metaspace       used 34540K, capacity 35695K, committed 35840K, reserved 1081344K
  class space    used 4038K, capacity 4486K, committed 4608K, reserved 1048576K
}
Event: 70.900 GC heap before
{Heap before GC invocations=13 (full 0):
 garbage-first heap   total 211968K, used 184043K [0x0000000700000000, 0x0000000800000000)
  region size 1024K, 133 young (136192K), 10 survivors (10240K)
 Metaspace       used 34906K, capacity 36141K, committed 36352K, reserved 1081344K
  class space    used 4079K, capacity 4541K, committed 4608K, reserved 1048576K
}
Event: 70.920 GC heap after
{Heap after GC invocations=14 (full 0):
 garbage-first heap   total 211968K, used 58516K [0x0000000700000000, 0x0000000800000000)
  region size 1024K, 10 young (10240K), 10 survivors (10240K)
 Metaspace       used 34906K, capacity 36141K, committed 36352K, reserved 1081344K
  class space    used 4079K, capacity 4541K, committed 4608K, reserved 1048576K
}
Event: 101.177 GC heap before
{Heap before GC invocations=14 (full 0):
 garbage-first heap   total 211968K, used 175252K [0x0000000700000000, 0x0000000800000000)
  region size 1024K, 124 young (126976K), 10 survivors (10240K)
 Metaspace       used 35203K, capacity 36449K, committed 36608K, reserved 1081344K
  class space    used 4080K, capacity 4542K, committed 4608K, reserved 1048576K
}
Event: 101.214 GC heap after
{Heap after GC invocations=15 (full 0):
 garbage-first heap   total 211968K, used 57728K [0x0000000700000000, 0x0000000800000000)
  region size 1024K, 7 young (7168K), 7 survivors (7168K)
 Metaspace       used 35203K, capacity 36449K, committed 36608K, reserved 1081344K
  class space    used 4080K, capacity 4542K, committed 4608K, reserved 1048576K
}
Event: 130.982 GC heap before
{Heap before GC invocations=15 (full 0):
 garbage-first heap   total 211968K, used 177536K [0x0000000700000000, 0x0000000800000000)
  region size 1024K, 124 young (126976K), 7 survivors (7168K)
 Metaspace       used 35412K, capacity 36586K, committed 36864K, reserved 1081344K
  class space    used 4080K, capacity 4542K, committed 4608K, reserved 1048576K
}
Event: 131.017 GC heap after
{Heap after GC invocations=16 (full 0):
 garbage-first heap   total 211968K, used 60514K [0x0000000700000000, 0x0000000800000000)
  region size 1024K, 10 young (10240K), 10 survivors (10240K)
 Metaspace       used 35412K, capacity 36586K, committed 36864K, reserved 1081344K
  class space    used 4080K, capacity 4542K, committed 4608K, reserved 1048576K
}
Event: 1057.200 GC heap before
{Heap before GC invocations=16 (full 0):
 garbage-first heap   total 211968K, used 177250K [0x0000000700000000, 0x0000000800000000)
  region size 1024K, 124 young (126976K), 10 survivors (10240K)
 Metaspace       used 35670K, capacity 36861K, committed 37120K, reserved 1081344K
  class space    used 4091K, capacity 4544K, committed 4608K, reserved 1048576K
}
Event: 1057.223 GC heap after
{Heap after GC invocations=17 (full 0):
 garbage-first heap   total 211968K, used 59010K [0x0000000700000000, 0x0000000800000000)
  region size 1024K, 4 young (4096K), 4 survivors (4096K)
 Metaspace       used 35670K, capacity 36861K, committed 37120K, reserved 1081344K
  class space    used 4091K, capacity 4544K, committed 4608K, reserved 1048576K
}
Event: 2326.019 GC heap before
{Heap before GC invocations=17 (full 0):
 garbage-first heap   total 211968K, used 178818K [0x0000000700000000, 0x0000000800000000)
  region size 1024K, 122 young (124928K), 4 survivors (4096K)
 Metaspace       used 35818K, capacity 36953K, committed 37120K, reserved 1081344K
  class space    used 4092K, capacity 4547K, committed 4608K, reserved 1048576K
}
Event: 2326.032 GC heap after
{Heap after GC invocations=18 (full 0):
 garbage-first heap   total 211968K, used 58548K [0x0000000700000000, 0x0000000800000000)
  region size 1024K, 4 young (4096K), 4 survivors (4096K)
 Metaspace       used 35818K, capacity 36953K, committed 37120K, reserved 1081344K
  class space    used 4092K, capacity 4547K, committed 4608K, reserved 1048576K
}

