# JRE version: Java(TM) SE Runtime Environment (14.0.2+12) (build 14.0.2+12-46)
# Java VM: Java HotSpot(TM) 64-Bit Server VM (14.0.2+12-46, mixed mode, sharing, tiered, compressed oops, g1 gc, windows-amd64)
Heap:
 garbage-first heap   total 163840K, used 85075K [0x0000000700000000, 0x0000000800000000)
  region size 1024K, 38 young (38912K), 4 survivors (4096K)
 Metaspace       used 37159K, capacity 38364K, committed 38528K, reserved 1083392K
  class space    used 4181K, capacity 4656K, committed 4736K, reserved 1048576K
GC Heap History (20 events):
Event: 336.990 GC heap before
{Heap before GC invocations=27 (full 0):
 garbage-first heap   total 163840K, used 142497K [0x0000000700000000, 0x0000000800000000)
  region size 1024K, 94 young (96256K), 3 survivors (3072K)
 Metaspace       used 36015K, capacity 37265K, committed 37376K, reserved 1081344K
  class space    used 4092K, capacity 4558K, committed 4608K, reserved 1048576K
}
Event: 336.995 GC heap after
{Heap after GC invocations=28 (full 0):
 garbage-first heap   total 163840K, used 49145K [0x0000000700000000, 0x0000000800000000)
  region size 1024K, 3 young (3072K), 3 survivors (3072K)
 Metaspace       used 36015K, capacity 37265K, committed 37376K, reserved 1081344K
  class space    used 4092K, capacity 4558K, committed 4608K, reserved 1048576K
}
Event: 348.180 GC heap before
{Heap before GC invocations=28 (full 0):
 garbage-first heap   total 163840K, used 140281K [0x0000000700000000, 0x0000000800000000)
  region size 1024K, 93 young (95232K), 3 survivors (3072K)
 Metaspace       used 36109K, capacity 37306K, committed 37376K, reserved 1081344K
  class space    used 4096K, capacity 4566K, committed 4608K, reserved 1048576K
}
Event: 348.186 GC heap after
{Heap after GC invocations=29 (full 0):
 garbage-first heap   total 163840K, used 49465K [0x0000000700000000, 0x0000000800000000)
  region size 1024K, 3 young (3072K), 3 survivors (3072K)
 Metaspace       used 36109K, capacity 37306K, committed 37376K, reserved 1081344K
  class space    used 4096K, capacity 4566K, committed 4608K, reserved 1048576K
}
Event: 366.758 GC heap before
{Heap before GC invocations=29 (full 0):
 garbage-first heap   total 163840K, used 141625K [0x0000000700000000, 0x0000000800000000)
  region size 1024K, 93 young (95232K), 3 survivors (3072K)
 Metaspace       used 36159K, capacity 37371K, committed 37632K, reserved 1083392K
  class space    used 4096K, capacity 4566K, committed 4608K, reserved 1048576K
}
Event: 366.763 GC heap after
{Heap after GC invocations=30 (full 0):
 garbage-first heap   total 163840K, used 49585K [0x0000000700000000, 0x0000000800000000)
  region size 1024K, 3 young (3072K), 3 survivors (3072K)
 Metaspace       used 36159K, capacity 37371K, committed 37632K, reserved 1083392K
  class space    used 4096K, capacity 4566K, committed 4608K, reserved 1048576K
}
Event: 385.899 GC heap before
{Heap before GC invocations=30 (full 0):
 garbage-first heap   total 163840K, used 141745K [0x0000000700000000, 0x0000000800000000)
  region size 1024K, 93 young (95232K), 3 survivors (3072K)
 Metaspace       used 36265K, capacity 37443K, committed 37632K, reserved 1083392K
  class space    used 4097K, capacity 4567K, committed 4608K, reserved 1048576K
}
Event: 385.904 GC heap after
{Heap after GC invocations=31 (full 0):
 garbage-first heap   total 163840K, used 49711K [0x0000000700000000, 0x0000000800000000)
  region size 1024K, 3 young (3072K), 3 survivors (3072K)
 Metaspace       used 36265K, capacity 37443K, committed 37632K, reserved 1083392K
  class space    used 4097K, capacity 4567K, committed 4608K, reserved 1048576K
}
Event: 551.908 GC heap before
{Heap before GC invocations=31 (full 0):
 garbage-first heap   total 163840K, used 141871K [0x0000000700000000, 0x0000000800000000)
  region size 1024K, 93 young (95232K), 3 survivors (3072K)
 Metaspace       used 36425K, capacity 37583K, committed 37632K, reserved 1083392K
  class space    used 4109K, capacity 4569K, committed 4608K, reserved 1048576K
}
Event: 551.918 GC heap after
{Heap after GC invocations=32 (full 0):
 garbage-first heap   total 163840K, used 50922K [0x0000000700000000, 0x0000000800000000)
  region size 1024K, 4 young (4096K), 4 survivors (4096K)
 Metaspace       used 36425K, capacity 37583K, committed 37632K, reserved 1083392K
  class space    used 4109K, capacity 4569K, committed 4608K, reserved 1048576K
}
Event: 563.361 GC heap before
{Heap before GC invocations=32 (full 0):
 garbage-first heap   total 163840K, used 140010K [0x0000000700000000, 0x0000000800000000)
  region size 1024K, 91 young (93184K), 4 survivors (4096K)
 Metaspace       used 36446K, capacity 37647K, committed 37888K, reserved 1083392K
  class space    used 4109K, capacity 4569K, committed 4608K, reserved 1048576K
}
Event: 563.367 GC heap after
{Heap after GC invocations=33 (full 0):
 garbage-first heap   total 163840K, used 50322K [0x0000000700000000, 0x0000000800000000)
  region size 1024K, 3 young (3072K), 3 survivors (3072K)
 Metaspace       used 36446K, capacity 37647K, committed 37888K, reserved 1083392K
  class space    used 4109K, capacity 4569K, committed 4608K, reserved 1048576K
}
Event: 582.116 GC heap before
{Heap before GC invocations=33 (full 0):
 garbage-first heap   total 163840K, used 140434K [0x0000000700000000, 0x0000000800000000)
  region size 1024K, 91 young (93184K), 3 survivors (3072K)
 Metaspace       used 36448K, capacity 37647K, committed 37888K, reserved 1083392K
  class space    used 4109K, capacity 4569K, committed 4608K, reserved 1048576K
}
Event: 582.122 GC heap after
{Heap after GC invocations=34 (full 0):
 garbage-first heap   total 163840K, used 50530K [0x0000000700000000, 0x0000000800000000)
  region size 1024K, 4 young (4096K), 4 survivors (4096K)
 Metaspace       used 36448K, capacity 37647K, committed 37888K, reserved 1083392K
  class space    used 4109K, capacity 4569K, committed 4608K, reserved 1048576K
}
Event: 599.799 GC heap before
{Heap before GC invocations=34 (full 0):
 garbage-first heap   total 163840K, used 139618K [0x0000000700000000, 0x0000000800000000)
  region size 1024K, 92 young (94208K), 4 survivors (4096K)
 Metaspace       used 36457K, capacity 37711K, committed 37888K, reserved 1083392K
  class space    used 4109K, capacity 4569K, committed 4608K, reserved 1048576K
}
Event: 599.805 GC heap after
{Heap after GC invocations=35 (full 0):
 garbage-first heap   total 163840K, used 50369K [0x0000000700000000, 0x0000000800000000)
  region size 1024K, 3 young (3072K), 3 survivors (3072K)
 Metaspace       used 36457K, capacity 37711K, committed 37888K, reserved 1083392K
  class space    used 4109K, capacity 4569K, committed 4608K, reserved 1048576K
}
Event: 828.382 GC heap before
{Heap before GC invocations=35 (full 0):
 garbage-first heap   total 163840K, used 141505K [0x0000000700000000, 0x0000000800000000)
  region size 1024K, 92 young (94208K), 3 survivors (3072K)
 Metaspace       used 36497K, capacity 37711K, committed 37888K, reserved 1083392K
  class space    used 4109K, capacity 4569K, committed 4608K, reserved 1048576K
}
Event: 828.392 GC heap after
{Heap after GC invocations=36 (full 0):
 garbage-first heap   total 163840K, used 51476K [0x0000000700000000, 0x0000000800000000)
  region size 1024K, 4 young (4096K), 4 survivors (4096K)
 Metaspace       used 36497K, capacity 37711K, committed 37888K, reserved 1083392K
  class space    used 4109K, capacity 4569K, committed 4608K, reserved 1048576K
}
Event: 959.651 GC heap before
{Heap before GC invocations=36 (full 0):
 garbage-first heap   total 163840K, used 140564K [0x0000000700000000, 0x0000000800000000)
  region size 1024K, 91 young (93184K), 4 survivors (4096K)
 Metaspace       used 36556K, capacity 37723K, committed 37888K, reserved 1083392K
  class space    used 4110K, capacity 4570K, committed 4608K, reserved 1048576K
}
Event: 959.659 GC heap after
{Heap after GC invocations=37 (full 0):
 garbage-first heap   total 163840K, used 51283K [0x0000000700000000, 0x0000000800000000)
  region size 1024K, 4 young (4096K), 4 survivors (4096K)
 Metaspace       used 36556K, capacity 37723K, committed 37888K, reserved 1083392K
  class space    used 4110K, capacity 4570K, committed 4608K, reserved 1048576K
}

