# JRE version: Java(TM) SE Runtime Environment (14.0.2+12) (build 14.0.2+12-46)
# Java VM: Java HotSpot(TM) 64-Bit Server VM (14.0.2+12-46, mixed mode, sharing, tiered, compressed oops, g1 gc, windows-amd64)
Heap:
 garbage-first heap   total 144384K, used 88500K [0x0000000700000000, 0x0000000800000000)
  region size 1024K, 47 young (48128K), 2 survivors (2048K)
 Metaspace       used 28383K, capacity 29427K, committed 29616K, reserved 1075200K
  class space    used 3146K, capacity 3550K, committed 3584K, reserved 1048576K
GC Heap History (20 events):
Event: 4221.403 GC heap before
{Heap before GC invocations=151 (full 0):
 garbage-first heap   total 144384K, used 124862K [0x0000000700000000, 0x0000000800000000)
  region size 1024K, 82 young (83968K), 2 survivors (2048K)
 Metaspace       used 28317K, capacity 29426K, committed 29616K, reserved 1075200K
  class space    used 3146K, capacity 3550K, committed 3584K, reserved 1048576K
}
Event: 4221.408 GC heap after
{Heap after GC invocations=152 (full 0):
 garbage-first heap   total 144384K, used 43296K [0x0000000700000000, 0x0000000800000000)
  region size 1024K, 3 young (3072K), 3 survivors (3072K)
 Metaspace       used 28317K, capacity 29426K, committed 29616K, reserved 1075200K
  class space    used 3146K, capacity 3550K, committed 3584K, reserved 1048576K
}
Event: 4233.809 GC heap before
{Heap before GC invocations=152 (full 0):
 garbage-first heap   total 144384K, used 124192K [0x0000000700000000, 0x0000000800000000)
  region size 1024K, 82 young (83968K), 3 survivors (3072K)
 Metaspace       used 28328K, capacity 29426K, committed 29616K, reserved 1075200K
  class space    used 3146K, capacity 3550K, committed 3584K, reserved 1048576K
}
Event: 4233.813 GC heap after
{Heap after GC invocations=153 (full 0):
 garbage-first heap   total 144384K, used 43057K [0x0000000700000000, 0x0000000800000000)
  region size 1024K, 2 young (2048K), 2 survivors (2048K)
 Metaspace       used 28328K, capacity 29426K, committed 29616K, reserved 1075200K
  class space    used 3146K, capacity 3550K, committed 3584K, reserved 1048576K
}
Event: 4251.231 GC heap before
{Heap before GC invocations=153 (full 0):
 garbage-first heap   total 144384K, used 124977K [0x0000000700000000, 0x0000000800000000)
  region size 1024K, 82 young (83968K), 2 survivors (2048K)
 Metaspace       used 28328K, capacity 29426K, committed 29616K, reserved 1075200K
  class space    used 3146K, capacity 3550K, committed 3584K, reserved 1048576K
}
Event: 4251.236 GC heap after
{Heap after GC invocations=154 (full 0):
 garbage-first heap   total 144384K, used 43185K [0x0000000700000000, 0x0000000800000000)
  region size 1024K, 3 young (3072K), 3 survivors (3072K)
 Metaspace       used 28328K, capacity 29426K, committed 29616K, reserved 1075200K
  class space    used 3146K, capacity 3550K, committed 3584K, reserved 1048576K
}
Event: 4266.161 GC heap before
{Heap before GC invocations=154 (full 0):
 garbage-first heap   total 144384K, used 124081K [0x0000000700000000, 0x0000000800000000)
  region size 1024K, 82 young (83968K), 3 survivors (3072K)
 Metaspace       used 28330K, capacity 29426K, committed 29616K, reserved 1075200K
  class space    used 3146K, capacity 3550K, committed 3584K, reserved 1048576K
}
Event: 4266.167 GC heap after
{Heap after GC invocations=155 (full 0):
 garbage-first heap   total 144384K, used 43640K [0x0000000700000000, 0x0000000800000000)
  region size 1024K, 3 young (3072K), 3 survivors (3072K)
 Metaspace       used 28330K, capacity 29426K, committed 29616K, reserved 1075200K
  class space    used 3146K, capacity 3550K, committed 3584K, reserved 1048576K
}
Event: 4283.671 GC heap before
{Heap before GC invocations=155 (full 0):
 garbage-first heap   total 144384K, used 124536K [0x0000000700000000, 0x0000000800000000)
  region size 1024K, 82 young (83968K), 3 survivors (3072K)
 Metaspace       used 28352K, capacity 29426K, committed 29616K, reserved 1075200K
  class space    used 3146K, capacity 3550K, committed 3584K, reserved 1048576K
}
Event: 4283.675 GC heap after
{Heap after GC invocations=156 (full 0):
 garbage-first heap   total 144384K, used 43171K [0x0000000700000000, 0x0000000800000000)
  region size 1024K, 2 young (2048K), 2 survivors (2048K)
 Metaspace       used 28352K, capacity 29426K, committed 29616K, reserved 1075200K
  class space    used 3146K, capacity 3550K, committed 3584K, reserved 1048576K
}
Event: 4295.108 GC heap before
{Heap before GC invocations=156 (full 0):
 garbage-first heap   total 144384K, used 125091K [0x0000000700000000, 0x0000000800000000)
  region size 1024K, 82 young (83968K), 2 survivors (2048K)
 Metaspace       used 28352K, capacity 29426K, committed 29616K, reserved 1075200K
  class space    used 3146K, capacity 3550K, committed 3584K, reserved 1048576K
}
Event: 4295.112 GC heap after
{Heap after GC invocations=157 (full 0):
 garbage-first heap   total 144384K, used 43172K [0x0000000700000000, 0x0000000800000000)
  region size 1024K, 2 young (2048K), 2 survivors (2048K)
 Metaspace       used 28352K, capacity 29426K, committed 29616K, reserved 1075200K
  class space    used 3146K, capacity 3550K, committed 3584K, reserved 1048576K
}
Event: 4312.189 GC heap before
{Heap before GC invocations=157 (full 0):
 garbage-first heap   total 144384K, used 126116K [0x0000000700000000, 0x0000000800000000)
  region size 1024K, 83 young (84992K), 2 survivors (2048K)
 Metaspace       used 28354K, capacity 29426K, committed 29616K, reserved 1075200K
  class space    used 3146K, capacity 3550K, committed 3584K, reserved 1048576K
}
Event: 4312.193 GC heap after
{Heap after GC invocations=158 (full 0):
 garbage-first heap   total 144384K, used 43070K [0x0000000700000000, 0x0000000800000000)
  region size 1024K, 2 young (2048K), 2 survivors (2048K)
 Metaspace       used 28354K, capacity 29426K, committed 29616K, reserved 1075200K
  class space    used 3146K, capacity 3550K, committed 3584K, reserved 1048576K
}
Event: 4327.890 GC heap before
{Heap before GC invocations=158 (full 0):
 garbage-first heap   total 144384K, used 124990K [0x0000000700000000, 0x0000000800000000)
  region size 1024K, 82 young (83968K), 2 survivors (2048K)
 Metaspace       used 28354K, capacity 29426K, committed 29616K, reserved 1075200K
  class space    used 3146K, capacity 3550K, committed 3584K, reserved 1048576K
}
Event: 4327.894 GC heap after
{Heap after GC invocations=159 (full 0):
 garbage-first heap   total 144384K, used 43211K [0x0000000700000000, 0x0000000800000000)
  region size 1024K, 2 young (2048K), 2 survivors (2048K)
 Metaspace       used 28354K, capacity 29426K, committed 29616K, reserved 1075200K
  class space    used 3146K, capacity 3550K, committed 3584K, reserved 1048576K
}
Event: 4346.750 GC heap before
{Heap before GC invocations=159 (full 0):
 garbage-first heap   total 144384K, used 126155K [0x0000000700000000, 0x0000000800000000)
  region size 1024K, 83 young (84992K), 2 survivors (2048K)
 Metaspace       used 28354K, capacity 29426K, committed 29616K, reserved 1075200K
  class space    used 3146K, capacity 3550K, committed 3584K, reserved 1048576K
}
Event: 4346.754 GC heap after
{Heap after GC invocations=160 (full 0):
 garbage-first heap   total 144384K, used 43420K [0x0000000700000000, 0x0000000800000000)
  region size 1024K, 2 young (2048K), 2 survivors (2048K)
 Metaspace       used 28354K, capacity 29426K, committed 29616K, reserved 1075200K
  class space    used 3146K, capacity 3550K, committed 3584K, reserved 1048576K
}
Event: 4356.937 GC heap before
{Heap before GC invocations=160 (full 0):
 garbage-first heap   total 144384K, used 126364K [0x0000000700000000, 0x0000000800000000)
  region size 1024K, 83 young (84992K), 2 survivors (2048K)
 Metaspace       used 28377K, capacity 29426K, committed 29616K, reserved 1075200K
  class space    used 3146K, capacity 3550K, committed 3584K, reserved 1048576K
}
Event: 4356.941 GC heap after
{Heap after GC invocations=161 (full 0):
 garbage-first heap   total 144384K, used 43444K [0x0000000700000000, 0x0000000800000000)
  region size 1024K, 2 young (2048K), 2 survivors (2048K)
 Metaspace       used 28377K, capacity 29426K, committed 29616K, reserved 1075200K
  class space    used 3146K, capacity 3550K, committed 3584K, reserved 1048576K
}

