# JRE version: Java(TM) SE Runtime Environment (14.0.2+12) (build 14.0.2+12-46)
# Java VM: Java HotSpot(TM) 64-Bit Server VM (14.0.2+12-46, mixed mode, sharing, tiered, compressed oops, g1 gc, windows-amd64)
Heap:
 garbage-first heap   total 404480K, used 135239K [0x0000000700000000, 0x0000000800000000)
  region size 1024K, 20 young (20480K), 5 survivors (5120K)
 Metaspace       used 31992K, capacity 32982K, committed 33224K, reserved 1079296K
  class space    used 3379K, capacity 3719K, committed 3840K, reserved 1048576K
GC Heap History (20 events):
Event: 16.457 GC heap before
{Heap before GC invocations=25 (full 0):
 garbage-first heap   total 199680K, used 155482K [0x0000000700000000, 0x0000000800000000)
  region size 1024K, 44 young (45056K), 2 survivors (2048K)
 Metaspace       used 27219K, capacity 27933K, committed 28104K, reserved 1075200K
  class space    used 2918K, capacity 3221K, committed 3328K, reserved 1048576K
}
Event: 16.467 GC heap after
{Heap after GC invocations=26 (full 0):
 garbage-first heap   total 199680K, used 110454K [0x0000000700000000, 0x0000000800000000)
  region size 1024K, 4 young (4096K), 4 survivors (4096K)
 Metaspace       used 27219K, capacity 27933K, committed 28104K, reserved 1075200K
  class space    used 2918K, capacity 3221K, committed 3328K, reserved 1048576K
}
Event: 16.541 GC heap before
{Heap before GC invocations=26 (full 0):
 garbage-first heap   total 199680K, used 114550K [0x0000000700000000, 0x0000000800000000)
  region size 1024K, 9 young (9216K), 4 survivors (4096K)
 Metaspace       used 27221K, capacity 27933K, committed 28104K, reserved 1075200K
  class space    used 2918K, capacity 3221K, committed 3328K, reserved 1048576K
}
Event: 16.550 GC heap after
{Heap after GC invocations=27 (full 0):
 garbage-first heap   total 239616K, used 96141K [0x0000000700000000, 0x0000000800000000)
  region size 1024K, 2 young (2048K), 2 survivors (2048K)
 Metaspace       used 27221K, capacity 27933K, committed 28104K, reserved 1075200K
  class space    used 2918K, capacity 3221K, committed 3328K, reserved 1048576K
}
Event: 17.878 GC heap before
{Heap before GC invocations=27 (full 0):
 garbage-first heap   total 239616K, used 176013K [0x0000000700000000, 0x0000000800000000)
  region size 1024K, 76 young (77824K), 2 survivors (2048K)
 Metaspace       used 27318K, capacity 28070K, committed 28360K, reserved 1075200K
  class space    used 2920K, capacity 3221K, committed 3328K, reserved 1048576K
}
Event: 17.898 GC heap after
{Heap after GC invocations=28 (full 0):
 garbage-first heap   total 239616K, used 134885K [0x0000000700000000, 0x0000000800000000)
  region size 1024K, 10 young (10240K), 10 survivors (10240K)
 Metaspace       used 27318K, capacity 28070K, committed 28360K, reserved 1075200K
  class space    used 2920K, capacity 3221K, committed 3328K, reserved 1048576K
}
Event: 18.484 GC heap before
{Heap before GC invocations=28 (full 0):
 garbage-first heap   total 239616K, used 156389K [0x0000000700000000, 0x0000000800000000)
  region size 1024K, 32 young (32768K), 10 survivors (10240K)
 Metaspace       used 27322K, capacity 28070K, committed 28360K, reserved 1075200K
  class space    used 2920K, capacity 3221K, committed 3328K, reserved 1048576K
}
Event: 18.493 GC heap after
{Heap after GC invocations=29 (full 0):
 garbage-first heap   total 239616K, used 141938K [0x0000000700000000, 0x0000000800000000)
  region size 1024K, 6 young (6144K), 6 survivors (6144K)
 Metaspace       used 27322K, capacity 28070K, committed 28360K, reserved 1075200K
  class space    used 2920K, capacity 3221K, committed 3328K, reserved 1048576K
}
Event: 19.080 GC heap before
{Heap before GC invocations=30 (full 0):
 garbage-first heap   total 271360K, used 189042K [0x0000000700000000, 0x0000000800000000)
  region size 1024K, 49 young (50176K), 6 survivors (6144K)
 Metaspace       used 27340K, capacity 28142K, committed 28360K, reserved 1075200K
  class space    used 2921K, capacity 3223K, committed 3328K, reserved 1048576K
}
Event: 19.100 GC heap after
{Heap after GC invocations=31 (full 0):
 garbage-first heap   total 271360K, used 158930K [0x0000000700000000, 0x0000000800000000)
  region size 1024K, 7 young (7168K), 7 survivors (7168K)
 Metaspace       used 27340K, capacity 28142K, committed 28360K, reserved 1075200K
  class space    used 2921K, capacity 3223K, committed 3328K, reserved 1048576K
}
Event: 19.209 GC heap before
{Heap before GC invocations=31 (full 0):
 garbage-first heap   total 271360K, used 164050K [0x0000000700000000, 0x0000000800000000)
  region size 1024K, 13 young (13312K), 7 survivors (7168K)
 Metaspace       used 27341K, capacity 28142K, committed 28360K, reserved 1075200K
  class space    used 2921K, capacity 3223K, committed 3328K, reserved 1048576K
}
Event: 19.219 GC heap after
{Heap after GC invocations=32 (full 0):
 garbage-first heap   total 325632K, used 161833K [0x0000000700000000, 0x0000000800000000)
  region size 1024K, 3 young (3072K), 3 survivors (3072K)
 Metaspace       used 27341K, capacity 28142K, committed 28360K, reserved 1075200K
  class space    used 2921K, capacity 3223K, committed 3328K, reserved 1048576K
}
Event: 20.109 GC heap before
{Heap before GC invocations=33 (full 0):
 garbage-first heap   total 325632K, used 224297K [0x0000000700000000, 0x0000000800000000)
  region size 1024K, 69 young (70656K), 3 survivors (3072K)
 Metaspace       used 27599K, capacity 28427K, committed 28616K, reserved 1075200K
  class space    used 2930K, capacity 3231K, committed 3328K, reserved 1048576K
}
Event: 20.134 GC heap after
{Heap after GC invocations=34 (full 0):
 garbage-first heap   total 325632K, used 171487K [0x0000000700000000, 0x0000000800000000)
  region size 1024K, 9 young (9216K), 9 survivors (9216K)
 Metaspace       used 27599K, capacity 28427K, committed 28616K, reserved 1075200K
  class space    used 2930K, capacity 3231K, committed 3328K, reserved 1048576K
}
Event: 20.211 GC heap before
{Heap before GC invocations=34 (full 0):
 garbage-first heap   total 325632K, used 177631K [0x0000000700000000, 0x0000000800000000)
  region size 1024K, 15 young (15360K), 9 survivors (9216K)
 Metaspace       used 27801K, capacity 28633K, committed 28872K, reserved 1075200K
  class space    used 2969K, capacity 3280K, committed 3328K, reserved 1048576K
}
Event: 20.229 GC heap after
{Heap after GC invocations=35 (full 0):
 garbage-first heap   total 325632K, used 140710K [0x0000000700000000, 0x0000000800000000)
  region size 1024K, 2 young (2048K), 2 survivors (2048K)
 Metaspace       used 27801K, capacity 28633K, committed 28872K, reserved 1075200K
  class space    used 2969K, capacity 3280K, committed 3328K, reserved 1048576K
}
Event: 20.796 GC heap before
{Heap before GC invocations=35 (full 0):
 garbage-first heap   total 325632K, used 154022K [0x0000000700000000, 0x0000000800000000)
  region size 1024K, 15 young (15360K), 2 survivors (2048K)
 Metaspace       used 28237K, capacity 29114K, committed 29256K, reserved 1075200K
  class space    used 3008K, capacity 3334K, committed 3456K, reserved 1048576K
}
Event: 20.824 GC heap after
{Heap after GC invocations=36 (full 0):
 garbage-first heap   total 325632K, used 123240K [0x0000000700000000, 0x0000000800000000)
  region size 1024K, 2 young (2048K), 2 survivors (2048K)
 Metaspace       used 28237K, capacity 29114K, committed 29256K, reserved 1075200K
  class space    used 3008K, capacity 3334K, committed 3456K, reserved 1048576K
}
Event: 22.671 GC heap before
{Heap before GC invocations=36 (full 0):
 garbage-first heap   total 325632K, used 207208K [0x0000000700000000, 0x0000000800000000)
  region size 1024K, 84 young (86016K), 2 survivors (2048K)
 Metaspace       used 31332K, capacity 32305K, committed 32584K, reserved 1079296K
  class space    used 3316K, capacity 3685K, committed 3712K, reserved 1048576K
}
Event: 22.686 GC heap after
{Heap after GC invocations=37 (full 0):
 garbage-first heap   total 404480K, used 120903K [0x0000000700000000, 0x0000000800000000)
  region size 1024K, 5 young (5120K), 5 survivors (5120K)
 Metaspace       used 31332K, capacity 32305K, committed 32584K, reserved 1079296K
  class space    used 3316K, capacity 3685K, committed 3712K, reserved 1048576K
}

