# JRE version: Java(TM) SE Runtime Environment (14.0.2+12) (build 14.0.2+12-46)
# Java VM: Java HotSpot(TM) 64-Bit Server VM (14.0.2+12-46, mixed mode, sharing, tiered, compressed oops, g1 gc, windows-amd64)
Heap:
 garbage-first heap   total 160768K, used 74807K [0x0000000700000000, 0x0000000800000000)
  region size 1024K, 37 young (37888K), 9 survivors (9216K)
 Metaspace       used 35061K, capacity 36241K, committed 36352K, reserved 1081344K
  class space    used 4032K, capacity 4468K, committed 4480K, reserved 1048576K
GC Heap History (20 events):
Event: 0.362 GC heap before
{Heap before GC invocations=0 (full 0):
 garbage-first heap   total 262144K, used 12288K [0x0000000700000000, 0x0000000800000000)
  region size 1024K, 13 young (13312K), 0 survivors (0K)
 Metaspace       used 251K, capacity 4480K, committed 4480K, reserved 1056768K
  class space    used 10K, capacity 384K, committed 384K, reserved 1048576K
}
Event: 0.366 GC heap after
{Heap after GC invocations=1 (full 0):
 garbage-first heap   total 262144K, used 633K [0x0000000700000000, 0x0000000800000000)
  region size 1024K, 1 young (1024K), 1 survivors (1024K)
 Metaspace       used 251K, capacity 4480K, committed 4480K, reserved 1056768K
  class space    used 10K, capacity 384K, committed 384K, reserved 1048576K
}
Event: 0.987 GC heap before
{Heap before GC invocations=1 (full 0):
 garbage-first heap   total 262144K, used 20089K [0x0000000700000000, 0x0000000800000000)
  region size 1024K, 20 young (20480K), 1 survivors (1024K)
 Metaspace       used 2195K, capacity 5172K, committed 5504K, reserved 1056768K
  class space    used 224K, capacity 519K, committed 640K, reserved 1048576K
}
Event: 0.993 GC heap after
{Heap after GC invocations=2 (full 0):
 garbage-first heap   total 262144K, used 6154K [0x0000000700000000, 0x0000000800000000)
  region size 1024K, 3 young (3072K), 3 survivors (3072K)
 Metaspace       used 2195K, capacity 5172K, committed 5504K, reserved 1056768K
  class space    used 224K, capacity 519K, committed 640K, reserved 1048576K
}
Event: 3.631 GC heap before
{Heap before GC invocations=2 (full 0):
 garbage-first heap   total 262144K, used 162826K [0x0000000700000000, 0x0000000800000000)
  region size 1024K, 153 young (156672K), 3 survivors (3072K)
 Metaspace       used 8619K, capacity 9617K, committed 9728K, reserved 1058816K
  class space    used 856K, capacity 1024K, committed 1024K, reserved 1048576K
}
Event: 3.650 GC heap after
{Heap after GC invocations=3 (full 0):
 garbage-first heap   total 262144K, used 32106K [0x0000000700000000, 0x0000000800000000)
  region size 1024K, 20 young (20480K), 20 survivors (20480K)
 Metaspace       used 8619K, capacity 9617K, committed 9728K, reserved 1058816K
  class space    used 856K, capacity 1024K, committed 1024K, reserved 1048576K
}
Event: 4.543 GC heap before
{Heap before GC invocations=3 (full 0):
 garbage-first heap   total 262144K, used 94570K [0x0000000700000000, 0x0000000800000000)
  region size 1024K, 81 young (82944K), 20 survivors (20480K)
 Metaspace       used 10593K, capacity 10957K, committed 11264K, reserved 1058816K
  class space    used 1093K, capacity 1227K, committed 1280K, reserved 1048576K
}
Event: 4.565 GC heap after
{Heap after GC invocations=4 (full 0):
 garbage-first heap   total 262144K, used 34816K [0x0000000700000000, 0x0000000800000000)
  region size 1024K, 3 young (3072K), 3 survivors (3072K)
 Metaspace       used 10593K, capacity 10957K, committed 11264K, reserved 1058816K
  class space    used 1093K, capacity 1227K, committed 1280K, reserved 1048576K
}
Event: 8.737 GC heap before
{Heap before GC invocations=4 (full 0):
 garbage-first heap   total 262144K, used 179200K [0x0000000700000000, 0x0000000800000000)
  region size 1024K, 144 young (147456K), 3 survivors (3072K)
 Metaspace       used 15589K, capacity 16115K, committed 16256K, reserved 1062912K
  class space    used 1716K, capacity 1908K, committed 1920K, reserved 1048576K
}
Event: 8.744 GC heap after
{Heap after GC invocations=5 (full 0):
 garbage-first heap   total 315392K, used 36157K [0x0000000700000000, 0x0000000800000000)
  region size 1024K, 5 young (5120K), 5 survivors (5120K)
 Metaspace       used 15589K, capacity 16115K, committed 16256K, reserved 1062912K
  class space    used 1716K, capacity 1908K, committed 1920K, reserved 1048576K
}
Event: 10.926 GC heap before
{Heap before GC invocations=5 (full 0):
 garbage-first heap   total 315392K, used 116029K [0x0000000700000000, 0x0000000800000000)
  region size 1024K, 80 young (81920K), 5 survivors (5120K)
 Metaspace       used 20636K, capacity 21196K, committed 21248K, reserved 1069056K
  class space    used 2322K, capacity 2550K, committed 2560K, reserved 1048576K
}
Event: 10.938 GC heap after
{Heap after GC invocations=6 (full 0):
 garbage-first heap   total 315392K, used 46466K [0x0000000700000000, 0x0000000800000000)
  region size 1024K, 11 young (11264K), 11 survivors (11264K)
 Metaspace       used 20636K, capacity 21196K, committed 21248K, reserved 1069056K
  class space    used 2322K, capacity 2550K, committed 2560K, reserved 1048576K
}
Event: 13.646 GC heap before
{Heap before GC invocations=7 (full 0):
 garbage-first heap   total 163840K, used 163202K [0x0000000700000000, 0x0000000800000000)
  region size 1024K, 125 young (128000K), 11 survivors (11264K)
 Metaspace       used 28324K, capacity 29176K, committed 29440K, reserved 1075200K
  class space    used 3215K, capacity 3557K, committed 3584K, reserved 1048576K
}
Event: 13.670 GC heap after
{Heap after GC invocations=8 (full 0):
 garbage-first heap   total 175104K, used 42496K [0x0000000700000000, 0x0000000800000000)
  region size 1024K, 11 young (11264K), 11 survivors (11264K)
 Metaspace       used 28324K, capacity 29176K, committed 29440K, reserved 1075200K
  class space    used 3215K, capacity 3557K, committed 3584K, reserved 1048576K
}
Event: 21.596 GC heap before
{Heap before GC invocations=8 (full 0):
 garbage-first heap   total 175104K, used 134656K [0x0000000700000000, 0x0000000800000000)
  region size 1024K, 102 young (104448K), 11 survivors (11264K)
 Metaspace       used 33926K, capacity 35066K, committed 35200K, reserved 1079296K
  class space    used 4001K, capacity 4439K, committed 4480K, reserved 1048576K
}
Event: 21.614 GC heap after
{Heap after GC invocations=9 (full 0):
 garbage-first heap   total 175104K, used 45894K [0x0000000700000000, 0x0000000800000000)
  region size 1024K, 10 young (10240K), 10 survivors (10240K)
 Metaspace       used 33926K, capacity 35066K, committed 35200K, reserved 1079296K
  class space    used 4001K, capacity 4439K, committed 4480K, reserved 1048576K
}
Event: 49.657 GC heap before
{Heap before GC invocations=9 (full 0):
 garbage-first heap   total 175104K, used 119622K [0x0000000700000000, 0x0000000800000000)
  region size 1024K, 83 young (84992K), 10 survivors (10240K)
 Metaspace       used 34687K, capacity 35796K, committed 35840K, reserved 1081344K
  class space    used 4003K, capacity 4441K, committed 4480K, reserved 1048576K
}
Event: 49.670 GC heap after
{Heap after GC invocations=10 (full 0):
 garbage-first heap   total 175104K, used 45641K [0x0000000700000000, 0x0000000800000000)
  region size 1024K, 8 young (8192K), 8 survivors (8192K)
 Metaspace       used 34687K, capacity 35796K, committed 35840K, reserved 1081344K
  class space    used 4003K, capacity 4441K, committed 4480K, reserved 1048576K
}
Event: 81.512 GC heap before
{Heap before GC invocations=11 (full 0):
 garbage-first heap   total 160768K, used 141897K [0x0000000700000000, 0x0000000800000000)
  region size 1024K, 102 young (104448K), 8 survivors (8192K)
 Metaspace       used 35031K, capacity 36177K, committed 36352K, reserved 1081344K
  class space    used 4031K, capacity 4468K, committed 4480K, reserved 1048576K
}
Event: 81.535 GC heap after
{Heap after GC invocations=12 (full 0):
 garbage-first heap   total 160768K, used 47159K [0x0000000700000000, 0x0000000800000000)
  region size 1024K, 9 young (9216K), 9 survivors (9216K)
 Metaspace       used 35031K, capacity 36177K, committed 36352K, reserved 1081344K
  class space    used 4031K, capacity 4468K, committed 4480K, reserved 1048576K
}

