# JRE version: Java(TM) SE Runtime Environment (14.0.2+12) (build 14.0.2+12-46)
# Java VM: Java HotSpot(TM) 64-Bit Server VM (14.0.2+12-46, mixed mode, sharing, tiered, compressed oops, g1 gc, windows-amd64)
Heap:
 garbage-first heap   total 174080K, used 55263K [0x0000000700000000, 0x0000000800000000)
  region size 1024K, 3 young (3072K), 3 survivors (3072K)
 Metaspace       used 37121K, capacity 38390K, committed 38528K, reserved 1091584K
  class space    used 4140K, capacity 4647K, committed 4736K, reserved 1048576K
GC Heap History (20 events):
Event: 1323.359 GC heap before
{Heap before GC invocations=86 (full 0):
 garbage-first heap   total 174080K, used 151528K [0x0000000700000000, 0x0000000800000000)
  region size 1024K, 98 young (100352K), 3 survivors (3072K)
 Metaspace       used 36968K, capacity 38215K, committed 38528K, reserved 1083392K
  class space    used 4132K, capacity 4611K, committed 4736K, reserved 1048576K
}
Event: 1323.363 GC heap after
{Heap after GC invocations=87 (full 0):
 garbage-first heap   total 174080K, used 54379K [0x0000000700000000, 0x0000000800000000)
  region size 1024K, 3 young (3072K), 3 survivors (3072K)
 Metaspace       used 36968K, capacity 38215K, committed 38528K, reserved 1083392K
  class space    used 4132K, capacity 4611K, committed 4736K, reserved 1048576K
}
Event: 1342.855 GC heap before
{Heap before GC invocations=87 (full 0):
 garbage-first heap   total 174080K, used 151659K [0x0000000700000000, 0x0000000800000000)
  region size 1024K, 98 young (100352K), 3 survivors (3072K)
 Metaspace       used 36977K, capacity 38215K, committed 38528K, reserved 1083392K
  class space    used 4132K, capacity 4611K, committed 4736K, reserved 1048576K
}
Event: 1342.860 GC heap after
{Heap after GC invocations=88 (full 0):
 garbage-first heap   total 174080K, used 54757K [0x0000000700000000, 0x0000000800000000)
  region size 1024K, 3 young (3072K), 3 survivors (3072K)
 Metaspace       used 36977K, capacity 38215K, committed 38528K, reserved 1083392K
  class space    used 4132K, capacity 4611K, committed 4736K, reserved 1048576K
}
Event: 1360.242 GC heap before
{Heap before GC invocations=88 (full 0):
 garbage-first heap   total 174080K, used 152037K [0x0000000700000000, 0x0000000800000000)
  region size 1024K, 98 young (100352K), 3 survivors (3072K)
 Metaspace       used 36982K, capacity 38215K, committed 38528K, reserved 1083392K
  class space    used 4132K, capacity 4611K, committed 4736K, reserved 1048576K
}
Event: 1360.247 GC heap after
{Heap after GC invocations=89 (full 0):
 garbage-first heap   total 174080K, used 54658K [0x0000000700000000, 0x0000000800000000)
  region size 1024K, 3 young (3072K), 3 survivors (3072K)
 Metaspace       used 36982K, capacity 38215K, committed 38528K, reserved 1083392K
  class space    used 4132K, capacity 4611K, committed 4736K, reserved 1048576K
}
Event: 1394.075 GC heap before
{Heap before GC invocations=89 (full 0):
 garbage-first heap   total 174080K, used 151938K [0x0000000700000000, 0x0000000800000000)
  region size 1024K, 98 young (100352K), 3 survivors (3072K)
 Metaspace       used 36992K, capacity 38216K, committed 38528K, reserved 1083392K
  class space    used 4133K, capacity 4611K, committed 4736K, reserved 1048576K
}
Event: 1394.079 GC heap after
{Heap after GC invocations=90 (full 0):
 garbage-first heap   total 174080K, used 54497K [0x0000000700000000, 0x0000000800000000)
  region size 1024K, 3 young (3072K), 3 survivors (3072K)
 Metaspace       used 36992K, capacity 38216K, committed 38528K, reserved 1083392K
  class space    used 4133K, capacity 4611K, committed 4736K, reserved 1048576K
}
Event: 1408.672 GC heap before
{Heap before GC invocations=90 (full 0):
 garbage-first heap   total 174080K, used 150753K [0x0000000700000000, 0x0000000800000000)
  region size 1024K, 98 young (100352K), 3 survivors (3072K)
 Metaspace       used 36999K, capacity 38219K, committed 38528K, reserved 1083392K
  class space    used 4133K, capacity 4611K, committed 4736K, reserved 1048576K
}
Event: 1408.676 GC heap after
{Heap after GC invocations=91 (full 0):
 garbage-first heap   total 174080K, used 54678K [0x0000000700000000, 0x0000000800000000)
  region size 1024K, 3 young (3072K), 3 survivors (3072K)
 Metaspace       used 36999K, capacity 38219K, committed 38528K, reserved 1083392K
  class space    used 4133K, capacity 4611K, committed 4736K, reserved 1048576K
}
Event: 1427.229 GC heap before
{Heap before GC invocations=91 (full 0):
 garbage-first heap   total 174080K, used 150934K [0x0000000700000000, 0x0000000800000000)
  region size 1024K, 98 young (100352K), 3 survivors (3072K)
 Metaspace       used 37001K, capacity 38283K, committed 38528K, reserved 1083392K
  class space    used 4133K, capacity 4611K, committed 4736K, reserved 1048576K
}
Event: 1427.233 GC heap after
{Heap after GC invocations=92 (full 0):
 garbage-first heap   total 174080K, used 54841K [0x0000000700000000, 0x0000000800000000)
  region size 1024K, 3 young (3072K), 3 survivors (3072K)
 Metaspace       used 37001K, capacity 38283K, committed 38528K, reserved 1083392K
  class space    used 4133K, capacity 4611K, committed 4736K, reserved 1048576K
}
Event: 1462.900 GC heap before
{Heap before GC invocations=92 (full 0):
 garbage-first heap   total 174080K, used 151097K [0x0000000700000000, 0x0000000800000000)
  region size 1024K, 98 young (100352K), 3 survivors (3072K)
 Metaspace       used 37012K, capacity 38347K, committed 38528K, reserved 1083392K
  class space    used 4133K, capacity 4611K, committed 4736K, reserved 1048576K
}
Event: 1462.905 GC heap after
{Heap after GC invocations=93 (full 0):
 garbage-first heap   total 174080K, used 54981K [0x0000000700000000, 0x0000000800000000)
  region size 1024K, 3 young (3072K), 3 survivors (3072K)
 Metaspace       used 37012K, capacity 38347K, committed 38528K, reserved 1083392K
  class space    used 4133K, capacity 4611K, committed 4736K, reserved 1048576K
}
Event: 1475.873 GC heap before
{Heap before GC invocations=93 (full 0):
 garbage-first heap   total 174080K, used 152261K [0x0000000700000000, 0x0000000800000000)
  region size 1024K, 98 young (100352K), 3 survivors (3072K)
 Metaspace       used 37013K, capacity 38347K, committed 38528K, reserved 1083392K
  class space    used 4133K, capacity 4611K, committed 4736K, reserved 1048576K
}
Event: 1475.877 GC heap after
{Heap after GC invocations=94 (full 0):
 garbage-first heap   total 174080K, used 55308K [0x0000000700000000, 0x0000000800000000)
  region size 1024K, 3 young (3072K), 3 survivors (3072K)
 Metaspace       used 37013K, capacity 38347K, committed 38528K, reserved 1083392K
  class space    used 4133K, capacity 4611K, committed 4736K, reserved 1048576K
}
Event: 1509.476 GC heap before
{Heap before GC invocations=94 (full 0):
 garbage-first heap   total 174080K, used 151564K [0x0000000700000000, 0x0000000800000000)
  region size 1024K, 97 young (99328K), 3 survivors (3072K)
 Metaspace       used 37013K, capacity 38347K, committed 38528K, reserved 1083392K
  class space    used 4133K, capacity 4611K, committed 4736K, reserved 1048576K
}
Event: 1509.480 GC heap after
{Heap after GC invocations=95 (full 0):
 garbage-first heap   total 174080K, used 55470K [0x0000000700000000, 0x0000000800000000)
  region size 1024K, 3 young (3072K), 3 survivors (3072K)
 Metaspace       used 37013K, capacity 38347K, committed 38528K, reserved 1083392K
  class space    used 4133K, capacity 4611K, committed 4736K, reserved 1048576K
}
Event: 1549.160 GC heap before
{Heap before GC invocations=95 (full 0):
 garbage-first heap   total 174080K, used 138414K [0x0000000700000000, 0x0000000800000000)
  region size 1024K, 85 young (87040K), 3 survivors (3072K)
 Metaspace       used 37121K, capacity 38390K, committed 38528K, reserved 1089536K
  class space    used 4140K, capacity 4647K, committed 4736K, reserved 1048576K
}
Event: 1549.166 GC heap after
{Heap after GC invocations=96 (full 0):
 garbage-first heap   total 174080K, used 55263K [0x0000000700000000, 0x0000000800000000)
  region size 1024K, 3 young (3072K), 3 survivors (3072K)
 Metaspace       used 37121K, capacity 38390K, committed 38528K, reserved 1089536K
  class space    used 4140K, capacity 4647K, committed 4736K, reserved 1048576K
}

