# JRE version: Java(TM) SE Runtime Environment (14.0.2+12) (build 14.0.2+12-46)
# Java VM: Java HotSpot(TM) 64-Bit Server VM (14.0.2+12-46, mixed mode, sharing, tiered, compressed oops, g1 gc, windows-amd64)
Heap:
 garbage-first heap   total 376832K, used 141747K [0x0000000700000000, 0x0000000800000000)
  region size 1024K, 26 young (26624K), 4 survivors (4096K)
 Metaspace       used 32159K, capacity 33176K, committed 33480K, reserved 1079296K
  class space    used 3388K, capacity 3719K, committed 3840K, reserved 1048576K
GC Heap History (20 events):
Event: 15.846 GC heap before
{Heap before GC invocations=25 (full 0):
 garbage-first heap   total 230400K, used 177751K [0x0000000700000000, 0x0000000800000000)
  region size 1024K, 61 young (62464K), 1 survivors (1024K)
 Metaspace       used 27259K, capacity 28061K, committed 28360K, reserved 1075200K
  class space    used 2918K, capacity 3221K, committed 3328K, reserved 1048576K
}
Event: 15.853 GC heap after
{Heap after GC invocations=26 (full 0):
 garbage-first heap   total 230400K, used 130651K [0x0000000700000000, 0x0000000800000000)
  region size 1024K, 8 young (8192K), 8 survivors (8192K)
 Metaspace       used 27259K, capacity 28061K, committed 28360K, reserved 1075200K
  class space    used 2918K, capacity 3221K, committed 3328K, reserved 1048576K
}
Event: 15.920 GC heap before
{Heap before GC invocations=26 (full 0):
 garbage-first heap   total 230400K, used 132699K [0x0000000700000000, 0x0000000800000000)
  region size 1024K, 11 young (11264K), 8 survivors (8192K)
 Metaspace       used 27273K, capacity 28062K, committed 28360K, reserved 1075200K
  class space    used 2920K, capacity 3221K, committed 3328K, reserved 1048576K
}
Event: 15.942 GC heap after
{Heap after GC invocations=27 (full 0):
 garbage-first heap   total 230400K, used 112707K [0x0000000700000000, 0x0000000800000000)
  region size 1024K, 2 young (2048K), 2 survivors (2048K)
 Metaspace       used 27273K, capacity 28062K, committed 28360K, reserved 1075200K
  class space    used 2920K, capacity 3221K, committed 3328K, reserved 1048576K
}
Event: 16.057 GC heap before
{Heap before GC invocations=27 (full 0):
 garbage-first heap   total 230400K, used 118851K [0x0000000700000000, 0x0000000800000000)
  region size 1024K, 9 young (9216K), 2 survivors (2048K)
 Metaspace       used 27348K, capacity 28133K, committed 28360K, reserved 1075200K
  class space    used 2920K, capacity 3221K, committed 3328K, reserved 1048576K
}
Event: 16.062 GC heap after
{Heap after GC invocations=28 (full 0):
 garbage-first heap   total 230400K, used 115189K [0x0000000700000000, 0x0000000800000000)
  region size 1024K, 5 young (5120K), 5 survivors (5120K)
 Metaspace       used 27348K, capacity 28133K, committed 28360K, reserved 1075200K
  class space    used 2920K, capacity 3221K, committed 3328K, reserved 1048576K
}
Event: 16.852 GC heap before
{Heap before GC invocations=29 (full 0):
 garbage-first heap   total 230400K, used 165365K [0x0000000700000000, 0x0000000800000000)
  region size 1024K, 53 young (54272K), 5 survivors (5120K)
 Metaspace       used 27383K, capacity 28208K, committed 28360K, reserved 1075200K
  class space    used 2921K, capacity 3223K, committed 3328K, reserved 1048576K
}
Event: 16.870 GC heap after
{Heap after GC invocations=30 (full 0):
 garbage-first heap   total 230400K, used 130462K [0x0000000700000000, 0x0000000800000000)
  region size 1024K, 7 young (7168K), 7 survivors (7168K)
 Metaspace       used 27383K, capacity 28208K, committed 28360K, reserved 1075200K
  class space    used 2921K, capacity 3223K, committed 3328K, reserved 1048576K
}
Event: 17.478 GC heap before
{Heap before GC invocations=30 (full 0):
 garbage-first heap   total 230400K, used 162206K [0x0000000700000000, 0x0000000800000000)
  region size 1024K, 39 young (39936K), 7 survivors (7168K)
 Metaspace       used 27387K, capacity 28208K, committed 28360K, reserved 1075200K
  class space    used 2921K, capacity 3223K, committed 3328K, reserved 1048576K
}
Event: 17.491 GC heap after
{Heap after GC invocations=31 (full 0):
 garbage-first heap   total 230400K, used 140156K [0x0000000700000000, 0x0000000800000000)
  region size 1024K, 6 young (6144K), 6 survivors (6144K)
 Metaspace       used 27387K, capacity 28208K, committed 28360K, reserved 1075200K
  class space    used 2921K, capacity 3223K, committed 3328K, reserved 1048576K
}
Event: 17.812 GC heap before
{Heap before GC invocations=32 (full 0):
 garbage-first heap   total 260096K, used 172924K [0x0000000700000000, 0x0000000800000000)
  region size 1024K, 42 young (43008K), 6 survivors (6144K)
 Metaspace       used 27387K, capacity 28208K, committed 28360K, reserved 1075200K
  class space    used 2921K, capacity 3223K, committed 3328K, reserved 1048576K
}
Event: 17.828 GC heap after
{Heap after GC invocations=33 (full 0):
 garbage-first heap   total 312320K, used 148165K [0x0000000700000000, 0x0000000800000000)
  region size 1024K, 6 young (6144K), 6 survivors (6144K)
 Metaspace       used 27387K, capacity 28208K, committed 28360K, reserved 1075200K
  class space    used 2921K, capacity 3223K, committed 3328K, reserved 1048576K
}
Event: 17.994 GC heap before
{Heap before GC invocations=33 (full 0):
 garbage-first heap   total 312320K, used 156357K [0x0000000700000000, 0x0000000800000000)
  region size 1024K, 15 young (15360K), 6 survivors (6144K)
 Metaspace       used 27388K, capacity 28208K, committed 28360K, reserved 1075200K
  class space    used 2921K, capacity 3223K, committed 3328K, reserved 1048576K
}
Event: 18.004 GC heap after
{Heap after GC invocations=34 (full 0):
 garbage-first heap   total 312320K, used 120575K [0x0000000700000000, 0x0000000800000000)
  region size 1024K, 2 young (2048K), 2 survivors (2048K)
 Metaspace       used 27388K, capacity 28208K, committed 28360K, reserved 1075200K
  class space    used 2921K, capacity 3223K, committed 3328K, reserved 1048576K
}
Event: 18.125 GC heap before
{Heap before GC invocations=34 (full 0):
 garbage-first heap   total 312320K, used 133887K [0x0000000700000000, 0x0000000800000000)
  region size 1024K, 15 young (15360K), 2 survivors (2048K)
 Metaspace       used 27388K, capacity 28208K, committed 28360K, reserved 1075200K
  class space    used 2921K, capacity 3223K, committed 3328K, reserved 1048576K
}
Event: 18.146 GC heap after
{Heap after GC invocations=35 (full 0):
 garbage-first heap   total 312320K, used 105158K [0x0000000700000000, 0x0000000800000000)
  region size 1024K, 2 young (2048K), 2 survivors (2048K)
 Metaspace       used 27388K, capacity 28208K, committed 28360K, reserved 1075200K
  class space    used 2921K, capacity 3223K, committed 3328K, reserved 1048576K
}
Event: 19.414 GC heap before
{Heap before GC invocations=35 (full 0):
 garbage-first heap   total 312320K, used 185030K [0x0000000700000000, 0x0000000800000000)
  region size 1024K, 78 young (79872K), 2 survivors (2048K)
 Metaspace       used 28265K, capacity 29116K, committed 29256K, reserved 1075200K
  class space    used 3008K, capacity 3334K, committed 3456K, reserved 1048576K
}
Event: 19.435 GC heap after
{Heap after GC invocations=36 (full 0):
 garbage-first heap   total 312320K, used 121856K [0x0000000700000000, 0x0000000800000000)
  region size 1024K, 10 young (10240K), 10 survivors (10240K)
 Metaspace       used 28265K, capacity 29116K, committed 29256K, reserved 1075200K
  class space    used 3008K, capacity 3334K, committed 3456K, reserved 1048576K
}
Event: 21.034 GC heap before
{Heap before GC invocations=36 (full 0):
 garbage-first heap   total 312320K, used 198656K [0x0000000700000000, 0x0000000800000000)
  region size 1024K, 85 young (87040K), 10 survivors (10240K)
 Metaspace       used 31348K, capacity 32307K, committed 32584K, reserved 1079296K
  class space    used 3315K, capacity 3685K, committed 3712K, reserved 1048576K
}
Event: 21.053 GC heap after
{Heap after GC invocations=37 (full 0):
 garbage-first heap   total 376832K, used 121267K [0x0000000700000000, 0x0000000800000000)
  region size 1024K, 4 young (4096K), 4 survivors (4096K)
 Metaspace       used 31348K, capacity 32307K, committed 32584K, reserved 1079296K
  class space    used 3315K, capacity 3685K, committed 3712K, reserved 1048576K
}

