# JRE version: Java(TM) SE Runtime Environment (14.0.2+12) (build 14.0.2+12-46)
# Java VM: Java HotSpot(TM) 64-Bit Server VM (14.0.2+12-46, mixed mode, sharing, tiered, compressed oops, g1 gc, windows-amd64)
Heap:
 garbage-first heap   total 165888K, used 65017K [0x0000000700000000, 0x0000000800000000)
  region size 1024K, 28 young (28672K), 8 survivors (8192K)
 Metaspace       used 34959K, capacity 36156K, committed 36352K, reserved 1081344K
  class space    used 4025K, capacity 4462K, committed 4480K, reserved 1048576K
GC Heap History (20 events):
Event: 0.344 GC heap before
{Heap before GC invocations=0 (full 0):
 garbage-first heap   total 262144K, used 12288K [0x0000000700000000, 0x0000000800000000)
  region size 1024K, 13 young (13312K), 0 survivors (0K)
 Metaspace       used 245K, capacity 4480K, committed 4480K, reserved 1056768K
  class space    used 10K, capacity 384K, committed 384K, reserved 1048576K
}
Event: 0.348 GC heap after
{Heap after GC invocations=1 (full 0):
 garbage-first heap   total 262144K, used 639K [0x0000000700000000, 0x0000000800000000)
  region size 1024K, 1 young (1024K), 1 survivors (1024K)
 Metaspace       used 245K, capacity 4480K, committed 4480K, reserved 1056768K
  class space    used 10K, capacity 384K, committed 384K, reserved 1048576K
}
Event: 0.801 GC heap before
{Heap before GC invocations=1 (full 0):
 garbage-first heap   total 262144K, used 20095K [0x0000000700000000, 0x0000000800000000)
  region size 1024K, 20 young (20480K), 1 survivors (1024K)
 Metaspace       used 2181K, capacity 5172K, committed 5504K, reserved 1056768K
  class space    used 224K, capacity 519K, committed 640K, reserved 1048576K
}
Event: 0.806 GC heap after
{Heap after GC invocations=2 (full 0):
 garbage-first heap   total 262144K, used 6192K [0x0000000700000000, 0x0000000800000000)
  region size 1024K, 3 young (3072K), 3 survivors (3072K)
 Metaspace       used 2181K, capacity 5172K, committed 5504K, reserved 1056768K
  class space    used 224K, capacity 519K, committed 640K, reserved 1048576K
}
Event: 3.050 GC heap before
{Heap before GC invocations=2 (full 0):
 garbage-first heap   total 262144K, used 162864K [0x0000000700000000, 0x0000000800000000)
  region size 1024K, 153 young (156672K), 3 survivors (3072K)
 Metaspace       used 8610K, capacity 9617K, committed 9728K, reserved 1058816K
  class space    used 856K, capacity 1024K, committed 1024K, reserved 1048576K
}
Event: 3.073 GC heap after
{Heap after GC invocations=3 (full 0):
 garbage-first heap   total 262144K, used 32357K [0x0000000700000000, 0x0000000800000000)
  region size 1024K, 20 young (20480K), 20 survivors (20480K)
 Metaspace       used 8610K, capacity 9617K, committed 9728K, reserved 1058816K
  class space    used 856K, capacity 1024K, committed 1024K, reserved 1048576K
}
Event: 3.324 GC heap before
{Heap before GC invocations=3 (full 0):
 garbage-first heap   total 262144K, used 71269K [0x0000000700000000, 0x0000000800000000)
  region size 1024K, 58 young (59392K), 20 survivors (20480K)
 Metaspace       used 9015K, capacity 9917K, committed 10112K, reserved 1058816K
  class space    used 895K, capacity 1059K, committed 1152K, reserved 1048576K
}
Event: 3.342 GC heap after
{Heap after GC invocations=4 (full 0):
 garbage-first heap   total 262144K, used 33968K [0x0000000700000000, 0x0000000800000000)
  region size 1024K, 3 young (3072K), 3 survivors (3072K)
 Metaspace       used 9015K, capacity 9917K, committed 10112K, reserved 1058816K
  class space    used 895K, capacity 1059K, committed 1152K, reserved 1048576K
}
Event: 4.684 GC heap before
{Heap before GC invocations=4 (full 0):
 garbage-first heap   total 262144K, used 178352K [0x0000000700000000, 0x0000000800000000)
  region size 1024K, 143 young (146432K), 3 survivors (3072K)
 Metaspace       used 15517K, capacity 16044K, committed 16256K, reserved 1062912K
  class space    used 1716K, capacity 1908K, committed 1920K, reserved 1048576K
}
Event: 4.694 GC heap after
{Heap after GC invocations=5 (full 0):
 garbage-first heap   total 315392K, used 35866K [0x0000000700000000, 0x0000000800000000)
  region size 1024K, 5 young (5120K), 5 survivors (5120K)
 Metaspace       used 15517K, capacity 16044K, committed 16256K, reserved 1062912K
  class space    used 1716K, capacity 1908K, committed 1920K, reserved 1048576K
}
Event: 5.881 GC heap before
{Heap before GC invocations=5 (full 0):
 garbage-first heap   total 315392K, used 147482K [0x0000000700000000, 0x0000000800000000)
  region size 1024K, 111 young (113664K), 5 survivors (5120K)
 Metaspace       used 20668K, capacity 21201K, committed 21248K, reserved 1069056K
  class space    used 2325K, capacity 2551K, committed 2560K, reserved 1048576K
}
Event: 5.893 GC heap after
{Heap after GC invocations=6 (full 0):
 garbage-first heap   total 315392K, used 46578K [0x0000000700000000, 0x0000000800000000)
  region size 1024K, 11 young (11264K), 11 survivors (11264K)
 Metaspace       used 20668K, capacity 21201K, committed 21248K, reserved 1069056K
  class space    used 2325K, capacity 2551K, committed 2560K, reserved 1048576K
}
Event: 7.445 GC heap before
{Heap before GC invocations=7 (full 0):
 garbage-first heap   total 160768K, used 160242K [0x0000000700000000, 0x0000000800000000)
  region size 1024K, 122 young (124928K), 11 survivors (11264K)
 Metaspace       used 28094K, capacity 28913K, committed 29184K, reserved 1075200K
  class space    used 3189K, capacity 3493K, committed 3584K, reserved 1048576K
}
Event: 7.466 GC heap after
{Heap after GC invocations=8 (full 0):
 garbage-first heap   total 172032K, used 42769K [0x0000000700000000, 0x0000000800000000)
  region size 1024K, 11 young (11264K), 11 survivors (11264K)
 Metaspace       used 28094K, capacity 28913K, committed 29184K, reserved 1075200K
  class space    used 3189K, capacity 3493K, committed 3584K, reserved 1048576K
}
Event: 12.181 GC heap before
{Heap before GC invocations=8 (full 0):
 garbage-first heap   total 172032K, used 132881K [0x0000000700000000, 0x0000000800000000)
  region size 1024K, 100 young (102400K), 11 survivors (11264K)
 Metaspace       used 33872K, capacity 35003K, committed 35200K, reserved 1079296K
  class space    used 4001K, capacity 4440K, committed 4480K, reserved 1048576K
}
Event: 12.198 GC heap after
{Heap after GC invocations=9 (full 0):
 garbage-first heap   total 172032K, used 45228K [0x0000000700000000, 0x0000000800000000)
  region size 1024K, 10 young (10240K), 10 survivors (10240K)
 Metaspace       used 33872K, capacity 35003K, committed 35200K, reserved 1079296K
  class space    used 4001K, capacity 4440K, committed 4480K, reserved 1048576K
}
Event: 32.612 GC heap before
{Heap before GC invocations=9 (full 0):
 garbage-first heap   total 172032K, used 122028K [0x0000000700000000, 0x0000000800000000)
  region size 1024K, 86 young (88064K), 10 survivors (10240K)
 Metaspace       used 34686K, capacity 35790K, committed 35840K, reserved 1081344K
  class space    used 4003K, capacity 4441K, committed 4480K, reserved 1048576K
}
Event: 32.628 GC heap after
{Heap after GC invocations=10 (full 0):
 garbage-first heap   total 206848K, used 44963K [0x0000000700000000, 0x0000000800000000)
  region size 1024K, 7 young (7168K), 7 survivors (7168K)
 Metaspace       used 34686K, capacity 35790K, committed 35840K, reserved 1081344K
  class space    used 4003K, capacity 4441K, committed 4480K, reserved 1048576K
}
Event: 48.130 GC heap before
{Heap before GC invocations=11 (full 0):
 garbage-first heap   total 157696K, used 156579K [0x0000000700000000, 0x0000000800000000)
  region size 1024K, 116 young (118784K), 7 survivors (7168K)
 Metaspace       used 34882K, capacity 36026K, committed 36096K, reserved 1081344K
  class space    used 4025K, capacity 4462K, committed 4480K, reserved 1048576K
}
Event: 48.146 GC heap after
{Heap after GC invocations=12 (full 0):
 garbage-first heap   total 165888K, used 45561K [0x0000000700000000, 0x0000000800000000)
  region size 1024K, 8 young (8192K), 8 survivors (8192K)
 Metaspace       used 34882K, capacity 36026K, committed 36096K, reserved 1081344K
  class space    used 4025K, capacity 4462K, committed 4480K, reserved 1048576K
}

