# JRE version: Java(TM) SE Runtime Environment (14.0.2+12) (build 14.0.2+12-46)
# Java VM: Java HotSpot(TM) 64-Bit Server VM (14.0.2+12-46, mixed mode, sharing, tiered, compressed oops, g1 gc, windows-amd64)
Heap:
 garbage-first heap   total 262144K, used 65221K [0x0000000700000000, 0x0000000800000000)
  region size 1024K, 42 young (43008K), 3 survivors (3072K)
 Metaspace       used 9052K, capacity 9990K, committed 10240K, reserved 1058816K
  class space    used 981K, capacity 1161K, committed 1280K, reserved 1048576K
GC Heap History (8 events):
Event: 2.730 GC heap before
{Heap before GC invocations=0 (full 0):
 garbage-first heap   total 262144K, used 13312K [0x0000000700000000, 0x0000000800000000)
  region size 1024K, 13 young (13312K), 0 survivors (0K)
 Metaspace       used 1010K, capacity 4537K, committed 4864K, reserved 1056768K
  class space    used 69K, capacity 404K, committed 512K, reserved 1048576K
}
Event: 2.818 GC heap after
{Heap after GC invocations=1 (full 0):
 garbage-first heap   total 262144K, used 10807K [0x0000000700000000, 0x0000000800000000)
  region size 1024K, 2 young (2048K), 2 survivors (2048K)
 Metaspace       used 1010K, capacity 4537K, committed 4864K, reserved 1056768K
  class space    used 69K, capacity 404K, committed 512K, reserved 1048576K
}
Event: 3.583 GC heap before
{Heap before GC invocations=1 (full 0):
 garbage-first heap   total 262144K, used 24119K [0x0000000700000000, 0x0000000800000000)
  region size 1024K, 12 young (12288K), 2 survivors (2048K)
 Metaspace       used 1134K, capacity 4537K, committed 4864K, reserved 1056768K
  class space    used 69K, capacity 404K, committed 512K, reserved 1048576K
}
Event: 3.589 GC heap after
{Heap after GC invocations=2 (full 0):
 garbage-first heap   total 262144K, used 23464K [0x0000000700000000, 0x0000000800000000)
  region size 1024K, 2 young (2048K), 2 survivors (2048K)
 Metaspace       used 1134K, capacity 4537K, committed 4864K, reserved 1056768K
  class space    used 69K, capacity 404K, committed 512K, reserved 1048576K
}
Event: 4.257 GC heap before
{Heap before GC invocations=2 (full 0):
 garbage-first heap   total 262144K, used 35752K [0x0000000700000000, 0x0000000800000000)
  region size 1024K, 15 young (15360K), 2 survivors (2048K)
 Metaspace       used 2486K, capacity 5145K, committed 5248K, reserved 1056768K
  class space    used 235K, capacity 548K, committed 640K, reserved 1048576K
}
Event: 4.262 GC heap after
{Heap after GC invocations=3 (full 0):
 garbage-first heap   total 262144K, used 25987K [0x0000000700000000, 0x0000000800000000)
  region size 1024K, 2 young (2048K), 2 survivors (2048K)
 Metaspace       used 2486K, capacity 5145K, committed 5248K, reserved 1056768K
  class space    used 235K, capacity 548K, committed 640K, reserved 1048576K
}
Event: 4.692 GC heap before
{Heap before GC invocations=3 (full 0):
 garbage-first heap   total 262144K, used 50563K [0x0000000700000000, 0x0000000800000000)
  region size 1024K, 26 young (26624K), 2 survivors (2048K)
 Metaspace       used 4526K, capacity 6848K, committed 6912K, reserved 1056768K
  class space    used 468K, capacity 735K, committed 768K, reserved 1048576K
}
Event: 4.698 GC heap after
{Heap after GC invocations=4 (full 0):
 garbage-first heap   total 262144K, used 26309K [0x0000000700000000, 0x0000000800000000)
  region size 1024K, 3 young (3072K), 3 survivors (3072K)
 Metaspace       used 4526K, capacity 6848K, committed 6912K, reserved 1056768K
  class space    used 468K, capacity 735K, committed 768K, reserved 1048576K
}

