# JRE version: Java(TM) SE Runtime Environment (14.0.2+12) (build 14.0.2+12-46)
# Java VM: Java HotSpot(TM) 64-Bit Server VM (14.0.2+12-46, mixed mode, sharing, tiered, compressed oops, g1 gc, windows-amd64)
Heap:
 garbage-first heap   total 167936K, used 99093K [0x0000000700000000, 0x0000000800000000)
  region size 1024K, 60 young (61440K), 7 survivors (7168K)
 Metaspace       used 34988K, capacity 36188K, committed 36428K, reserved 1081344K
  class space    used 4037K, capacity 4495K, committed 4608K, reserved 1048576K
GC Heap History (20 events):
Event: 0.888 GC heap before
{Heap before GC invocations=1 (full 0):
 garbage-first heap   total 262144K, used 20086K [0x0000000700000000, 0x0000000800000000)
  region size 1024K, 20 young (20480K), 1 survivors (1024K)
 Metaspace       used 2183K, capacity 5172K, committed 5504K, reserved 1056768K
  class space    used 224K, capacity 519K, committed 640K, reserved 1048576K
}
Event: 0.897 GC heap after
{Heap after GC invocations=2 (full 0):
 garbage-first heap   total 262144K, used 6280K [0x0000000700000000, 0x0000000800000000)
  region size 1024K, 3 young (3072K), 3 survivors (3072K)
 Metaspace       used 2183K, capacity 5172K, committed 5504K, reserved 1056768K
  class space    used 224K, capacity 519K, committed 640K, reserved 1048576K
}
Event: 4.322 GC heap before
{Heap before GC invocations=2 (full 0):
 garbage-first heap   total 262144K, used 162952K [0x0000000700000000, 0x0000000800000000)
  region size 1024K, 153 young (156672K), 3 survivors (3072K)
 Metaspace       used 8616K, capacity 9617K, committed 9728K, reserved 1058816K
  class space    used 858K, capacity 1024K, committed 1024K, reserved 1048576K
}
Event: 4.353 GC heap after
{Heap after GC invocations=3 (full 0):
 garbage-first heap   total 262144K, used 32199K [0x0000000700000000, 0x0000000800000000)
  region size 1024K, 20 young (20480K), 20 survivors (20480K)
 Metaspace       used 8616K, capacity 9617K, committed 9728K, reserved 1058816K
  class space    used 858K, capacity 1024K, committed 1024K, reserved 1048576K
}
Event: 5.300 GC heap before
{Heap before GC invocations=3 (full 0):
 garbage-first heap   total 262144K, used 105927K [0x0000000700000000, 0x0000000800000000)
  region size 1024K, 92 young (94208K), 20 survivors (20480K)
 Metaspace       used 11278K, capacity 11641K, committed 11904K, reserved 1060864K
  class space    used 1202K, capacity 1314K, committed 1408K, reserved 1048576K
}
Event: 5.327 GC heap after
{Heap after GC invocations=4 (full 0):
 garbage-first heap   total 262144K, used 35359K [0x0000000700000000, 0x0000000800000000)
  region size 1024K, 4 young (4096K), 4 survivors (4096K)
 Metaspace       used 11278K, capacity 11641K, committed 11904K, reserved 1060864K
  class space    used 1202K, capacity 1314K, committed 1408K, reserved 1048576K
}
Event: 6.650 GC heap before
{Heap before GC invocations=4 (full 0):
 garbage-first heap   total 262144K, used 177695K [0x0000000700000000, 0x0000000800000000)
  region size 1024K, 143 young (146432K), 4 survivors (4096K)
 Metaspace       used 15525K, capacity 15983K, committed 16000K, reserved 1062912K
  class space    used 1716K, capacity 1908K, committed 1920K, reserved 1048576K
}
Event: 6.659 GC heap after
{Heap after GC invocations=5 (full 0):
 garbage-first heap   total 319488K, used 36755K [0x0000000700000000, 0x0000000800000000)
  region size 1024K, 5 young (5120K), 5 survivors (5120K)
 Metaspace       used 15525K, capacity 15983K, committed 16000K, reserved 1062912K
  class space    used 1716K, capacity 1908K, committed 1920K, reserved 1048576K
}
Event: 8.018 GC heap before
{Heap before GC invocations=5 (full 0):
 garbage-first heap   total 319488K, used 121747K [0x0000000700000000, 0x0000000800000000)
  region size 1024K, 85 young (87040K), 5 survivors (5120K)
 Metaspace       used 20618K, capacity 21195K, committed 21248K, reserved 1069056K
  class space    used 2324K, capacity 2550K, committed 2560K, reserved 1048576K
}
Event: 8.031 GC heap after
{Heap after GC invocations=6 (full 0):
 garbage-first heap   total 319488K, used 47104K [0x0000000700000000, 0x0000000800000000)
  region size 1024K, 11 young (11264K), 11 survivors (11264K)
 Metaspace       used 20618K, capacity 21195K, committed 21248K, reserved 1069056K
  class space    used 2324K, capacity 2550K, committed 2560K, reserved 1048576K
}
Event: 10.153 GC heap before
{Heap before GC invocations=7 (full 0):
 garbage-first heap   total 160768K, used 160768K [0x0000000700000000, 0x0000000800000000)
  region size 1024K, 122 young (124928K), 11 survivors (11264K)
 Metaspace       used 28149K, capacity 29013K, committed 29184K, reserved 1075200K
  class space    used 3193K, capacity 3525K, committed 3584K, reserved 1048576K
}
Event: 10.181 GC heap after
{Heap after GC invocations=8 (full 0):
 garbage-first heap   total 172032K, used 42496K [0x0000000700000000, 0x0000000800000000)
  region size 1024K, 11 young (11264K), 11 survivors (11264K)
 Metaspace       used 28149K, capacity 29013K, committed 29184K, reserved 1075200K
  class space    used 3193K, capacity 3525K, committed 3584K, reserved 1048576K
}
Event: 17.224 GC heap before
{Heap before GC invocations=8 (full 0):
 garbage-first heap   total 172032K, used 133632K [0x0000000700000000, 0x0000000800000000)
  region size 1024K, 100 young (102400K), 11 survivors (11264K)
 Metaspace       used 33893K, capacity 35063K, committed 35200K, reserved 1079296K
  class space    used 4000K, capacity 4439K, committed 4480K, reserved 1048576K
}
Event: 17.242 GC heap after
{Heap after GC invocations=9 (full 0):
 garbage-first heap   total 172032K, used 45941K [0x0000000700000000, 0x0000000800000000)
  region size 1024K, 10 young (10240K), 10 survivors (10240K)
 Metaspace       used 33893K, capacity 35063K, committed 35200K, reserved 1079296K
  class space    used 4000K, capacity 4439K, committed 4480K, reserved 1048576K
}
Event: 65.646 GC heap before
{Heap before GC invocations=9 (full 0):
 garbage-first heap   total 172032K, used 138101K [0x0000000700000000, 0x0000000800000000)
  region size 1024K, 100 young (102400K), 10 survivors (10240K)
 Metaspace       used 34435K, capacity 35557K, committed 35712K, reserved 1081344K
  class space    used 4017K, capacity 4455K, committed 4480K, reserved 1048576K
}
Event: 65.659 GC heap after
{Heap after GC invocations=10 (full 0):
 garbage-first heap   total 172032K, used 45719K [0x0000000700000000, 0x0000000800000000)
  region size 1024K, 7 young (7168K), 7 survivors (7168K)
 Metaspace       used 34435K, capacity 35557K, committed 35712K, reserved 1081344K
  class space    used 4017K, capacity 4455K, committed 4480K, reserved 1048576K
}
Event: 72.117 GC heap before
{Heap before GC invocations=10 (full 0):
 garbage-first heap   total 172032K, used 123543K [0x0000000700000000, 0x0000000800000000)
  region size 1024K, 84 young (86016K), 7 survivors (7168K)
 Metaspace       used 34692K, capacity 35795K, committed 35840K, reserved 1081344K
  class space    used 4023K, capacity 4457K, committed 4480K, reserved 1048576K
}
Event: 72.127 GC heap after
{Heap after GC invocations=11 (full 0):
 garbage-first heap   total 172032K, used 45845K [0x0000000700000000, 0x0000000800000000)
  region size 1024K, 7 young (7168K), 7 survivors (7168K)
 Metaspace       used 34692K, capacity 35795K, committed 35840K, reserved 1081344K
  class space    used 4023K, capacity 4457K, committed 4480K, reserved 1048576K
}
Event: 89.526 GC heap before
{Heap before GC invocations=12 (full 0):
 garbage-first heap   total 167936K, used 139029K [0x0000000700000000, 0x0000000800000000)
  region size 1024K, 98 young (100352K), 7 survivors (7168K)
 Metaspace       used 34858K, capacity 36107K, committed 36428K, reserved 1081344K
  class space    used 4026K, capacity 4493K, committed 4608K, reserved 1048576K
}
Event: 89.539 GC heap after
{Heap after GC invocations=13 (full 0):
 garbage-first heap   total 167936K, used 45845K [0x0000000700000000, 0x0000000800000000)
  region size 1024K, 7 young (7168K), 7 survivors (7168K)
 Metaspace       used 34858K, capacity 36107K, committed 36428K, reserved 1081344K
  class space    used 4026K, capacity 4493K, committed 4608K, reserved 1048576K
}

