# JRE version: Java(TM) SE Runtime Environment (14.0.2+12) (build 14.0.2+12-46)
# Java VM: Java HotSpot(TM) 64-Bit Server VM (14.0.2+12-46, mixed mode, sharing, tiered, compressed oops, g1 gc, windows-amd64)
Heap:
 garbage-first heap   total 262144K, used 71800K [0x0000000700000000, 0x0000000800000000)
  region size 1024K, 48 young (49152K), 3 survivors (3072K)
 Metaspace       used 9453K, capacity 10357K, committed 10496K, reserved 1058816K
  class space    used 1054K, capacity 1222K, committed 1280K, reserved 1048576K
GC Heap History (8 events):
Event: 1.420 GC heap before
{Heap before GC invocations=0 (full 0):
 garbage-first heap   total 262144K, used 13312K [0x0000000700000000, 0x0000000800000000)
  region size 1024K, 13 young (13312K), 0 survivors (0K)
 Metaspace       used 1001K, capacity 4537K, committed 4864K, reserved 1056768K
  class space    used 69K, capacity 404K, committed 512K, reserved 1048576K
}
Event: 1.439 GC heap after
{Heap after GC invocations=1 (full 0):
 garbage-first heap   total 262144K, used 11159K [0x0000000700000000, 0x0000000800000000)
  region size 1024K, 2 young (2048K), 2 survivors (2048K)
 Metaspace       used 1001K, capacity 4537K, committed 4864K, reserved 1056768K
  class space    used 69K, capacity 404K, committed 512K, reserved 1048576K
}
Event: 1.947 GC heap before
{Heap before GC invocations=1 (full 0):
 garbage-first heap   total 262144K, used 24471K [0x0000000700000000, 0x0000000800000000)
  region size 1024K, 12 young (12288K), 2 survivors (2048K)
 Metaspace       used 1120K, capacity 4537K, committed 4864K, reserved 1056768K
  class space    used 69K, capacity 404K, committed 512K, reserved 1048576K
}
Event: 1.955 GC heap after
{Heap after GC invocations=2 (full 0):
 garbage-first heap   total 262144K, used 24031K [0x0000000700000000, 0x0000000800000000)
  region size 1024K, 2 young (2048K), 2 survivors (2048K)
 Metaspace       used 1120K, capacity 4537K, committed 4864K, reserved 1056768K
  class space    used 69K, capacity 404K, committed 512K, reserved 1048576K
}
Event: 2.644 GC heap before
{Heap before GC invocations=2 (full 0):
 garbage-first heap   total 262144K, used 36319K [0x0000000700000000, 0x0000000800000000)
  region size 1024K, 15 young (15360K), 2 survivors (2048K)
 Metaspace       used 2503K, capacity 5209K, committed 5504K, reserved 1056768K
  class space    used 238K, capacity 548K, committed 640K, reserved 1048576K
}
Event: 2.652 GC heap after
{Heap after GC invocations=3 (full 0):
 garbage-first heap   total 262144K, used 26332K [0x0000000700000000, 0x0000000800000000)
  region size 1024K, 2 young (2048K), 2 survivors (2048K)
 Metaspace       used 2503K, capacity 5209K, committed 5504K, reserved 1056768K
  class space    used 238K, capacity 548K, committed 640K, reserved 1048576K
}
Event: 3.157 GC heap before
{Heap before GC invocations=3 (full 0):
 garbage-first heap   total 262144K, used 49884K [0x0000000700000000, 0x0000000800000000)
  region size 1024K, 26 young (26624K), 2 survivors (2048K)
 Metaspace       used 4558K, capacity 6848K, committed 6912K, reserved 1056768K
  class space    used 469K, capacity 735K, committed 768K, reserved 1048576K
}
Event: 3.162 GC heap after
{Heap after GC invocations=4 (full 0):
 garbage-first heap   total 262144K, used 26744K [0x0000000700000000, 0x0000000800000000)
  region size 1024K, 3 young (3072K), 3 survivors (3072K)
 Metaspace       used 4558K, capacity 6848K, committed 6912K, reserved 1056768K
  class space    used 469K, capacity 735K, committed 768K, reserved 1048576K
}

