# JRE version: Java(TM) SE Runtime Environment (14.0.2+12) (build 14.0.2+12-46)
# Java VM: Java HotSpot(TM) 64-Bit Server VM (14.0.2+12-46, mixed mode, sharing, tiered, compressed oops, g1 gc, windows-amd64)
Heap:
 garbage-first heap   total 368640K, used 141485K [0x0000000700000000, 0x0000000800000000)
  region size 1024K, 24 young (24576K), 4 survivors (4096K)
 Metaspace       used 32106K, capacity 33047K, committed 33172K, reserved 1079296K
  class space    used 3389K, capacity 3719K, committed 3840K, reserved 1048576K
GC Heap History (20 events):
Event: 20.222 GC heap before
{Heap before GC invocations=25 (full 0):
 garbage-first heap   total 226304K, used 173448K [0x0000000700000000, 0x0000000800000000)
  region size 1024K, 58 young (59392K), 2 survivors (2048K)
 Metaspace       used 27245K, capacity 27998K, committed 28308K, reserved 1075200K
  class space    used 2918K, capacity 3221K, committed 3328K, reserved 1048576K
}
Event: 20.230 GC heap after
{Heap after GC invocations=26 (full 0):
 garbage-first heap   total 226304K, used 126193K [0x0000000700000000, 0x0000000800000000)
  region size 1024K, 8 young (8192K), 8 survivors (8192K)
 Metaspace       used 27245K, capacity 27998K, committed 28308K, reserved 1075200K
  class space    used 2918K, capacity 3221K, committed 3328K, reserved 1048576K
}
Event: 20.281 GC heap before
{Heap before GC invocations=26 (full 0):
 garbage-first heap   total 226304K, used 129265K [0x0000000700000000, 0x0000000800000000)
  region size 1024K, 11 young (11264K), 8 survivors (8192K)
 Metaspace       used 27245K, capacity 27998K, committed 28308K, reserved 1075200K
  class space    used 2918K, capacity 3221K, committed 3328K, reserved 1048576K
}
Event: 20.293 GC heap after
{Heap after GC invocations=27 (full 0):
 garbage-first heap   total 226304K, used 111002K [0x0000000700000000, 0x0000000800000000)
  region size 1024K, 2 young (2048K), 2 survivors (2048K)
 Metaspace       used 27245K, capacity 27998K, committed 28308K, reserved 1075200K
  class space    used 2918K, capacity 3221K, committed 3328K, reserved 1048576K
}
Event: 20.514 GC heap before
{Heap before GC invocations=27 (full 0):
 garbage-first heap   total 226304K, used 120218K [0x0000000700000000, 0x0000000800000000)
  region size 1024K, 13 young (13312K), 2 survivors (2048K)
 Metaspace       used 27330K, capacity 28068K, committed 28308K, reserved 1075200K
  class space    used 2920K, capacity 3221K, committed 3328K, reserved 1048576K
}
Event: 20.520 GC heap after
{Heap after GC invocations=28 (full 0):
 garbage-first heap   total 226304K, used 116725K [0x0000000700000000, 0x0000000800000000)
  region size 1024K, 7 young (7168K), 7 survivors (7168K)
 Metaspace       used 27330K, capacity 28068K, committed 28308K, reserved 1075200K
  class space    used 2920K, capacity 3221K, committed 3328K, reserved 1048576K
}
Event: 21.234 GC heap before
{Heap before GC invocations=29 (full 0):
 garbage-first heap   total 226304K, used 159733K [0x0000000700000000, 0x0000000800000000)
  region size 1024K, 48 young (49152K), 7 survivors (7168K)
 Metaspace       used 27346K, capacity 28075K, committed 28308K, reserved 1075200K
  class space    used 2921K, capacity 3223K, committed 3328K, reserved 1048576K
}
Event: 21.249 GC heap after
{Heap after GC invocations=30 (full 0):
 garbage-first heap   total 226304K, used 129682K [0x0000000700000000, 0x0000000800000000)
  region size 1024K, 6 young (6144K), 6 survivors (6144K)
 Metaspace       used 27346K, capacity 28075K, committed 28308K, reserved 1075200K
  class space    used 2921K, capacity 3223K, committed 3328K, reserved 1048576K
}
Event: 22.073 GC heap before
{Heap before GC invocations=30 (full 0):
 garbage-first heap   total 226304K, used 166546K [0x0000000700000000, 0x0000000800000000)
  region size 1024K, 42 young (43008K), 6 survivors (6144K)
 Metaspace       used 27354K, capacity 28141K, committed 28308K, reserved 1075200K
  class space    used 2921K, capacity 3223K, committed 3328K, reserved 1048576K
}
Event: 22.087 GC heap after
{Heap after GC invocations=31 (full 0):
 garbage-first heap   total 226304K, used 141135K [0x0000000700000000, 0x0000000800000000)
  region size 1024K, 6 young (6144K), 6 survivors (6144K)
 Metaspace       used 27354K, capacity 28141K, committed 28308K, reserved 1075200K
  class space    used 2921K, capacity 3223K, committed 3328K, reserved 1048576K
}
Event: 22.372 GC heap before
{Heap before GC invocations=32 (full 0):
 garbage-first heap   total 256000K, used 168783K [0x0000000700000000, 0x0000000800000000)
  region size 1024K, 37 young (37888K), 6 survivors (6144K)
 Metaspace       used 27360K, capacity 28205K, committed 28564K, reserved 1075200K
  class space    used 2921K, capacity 3223K, committed 3328K, reserved 1048576K
}
Event: 22.388 GC heap after
{Heap after GC invocations=33 (full 0):
 garbage-first heap   total 307200K, used 147456K [0x0000000700000000, 0x0000000800000000)
  region size 1024K, 5 young (5120K), 5 survivors (5120K)
 Metaspace       used 27360K, capacity 28205K, committed 28564K, reserved 1075200K
  class space    used 2921K, capacity 3223K, committed 3328K, reserved 1048576K
}
Event: 22.631 GC heap before
{Heap before GC invocations=33 (full 0):
 garbage-first heap   total 307200K, used 156672K [0x0000000700000000, 0x0000000800000000)
  region size 1024K, 15 young (15360K), 5 survivors (5120K)
 Metaspace       used 27360K, capacity 28205K, committed 28564K, reserved 1075200K
  class space    used 2921K, capacity 3223K, committed 3328K, reserved 1048576K
}
Event: 22.641 GC heap after
{Heap after GC invocations=34 (full 0):
 garbage-first heap   total 307200K, used 120832K [0x0000000700000000, 0x0000000800000000)
  region size 1024K, 2 young (2048K), 2 survivors (2048K)
 Metaspace       used 27360K, capacity 28205K, committed 28564K, reserved 1075200K
  class space    used 2921K, capacity 3223K, committed 3328K, reserved 1048576K
}
Event: 22.829 GC heap before
{Heap before GC invocations=34 (full 0):
 garbage-first heap   total 307200K, used 135168K [0x0000000700000000, 0x0000000800000000)
  region size 1024K, 15 young (15360K), 2 survivors (2048K)
 Metaspace       used 27361K, capacity 28205K, committed 28564K, reserved 1075200K
  class space    used 2921K, capacity 3223K, committed 3328K, reserved 1048576K
}
Event: 22.850 GC heap after
{Heap after GC invocations=35 (full 0):
 garbage-first heap   total 307200K, used 104818K [0x0000000700000000, 0x0000000800000000)
  region size 1024K, 2 young (2048K), 2 survivors (2048K)
 Metaspace       used 27361K, capacity 28205K, committed 28564K, reserved 1075200K
  class space    used 2921K, capacity 3223K, committed 3328K, reserved 1048576K
}
Event: 24.159 GC heap before
{Heap before GC invocations=35 (full 0):
 garbage-first heap   total 307200K, used 188786K [0x0000000700000000, 0x0000000800000000)
  region size 1024K, 82 young (83968K), 2 survivors (2048K)
 Metaspace       used 28238K, capacity 29115K, committed 29460K, reserved 1075200K
  class space    used 3008K, capacity 3334K, committed 3456K, reserved 1048576K
}
Event: 24.180 GC heap after
{Heap after GC invocations=36 (full 0):
 garbage-first heap   total 307200K, used 122880K [0x0000000700000000, 0x0000000800000000)
  region size 1024K, 11 young (11264K), 11 survivors (11264K)
 Metaspace       used 28238K, capacity 29115K, committed 29460K, reserved 1075200K
  class space    used 3008K, capacity 3334K, committed 3456K, reserved 1048576K
}
Event: 25.947 GC heap before
{Heap before GC invocations=36 (full 0):
 garbage-first heap   total 307200K, used 201728K [0x0000000700000000, 0x0000000800000000)
  region size 1024K, 88 young (90112K), 11 survivors (11264K)
 Metaspace       used 31342K, capacity 32306K, committed 32532K, reserved 1079296K
  class space    used 3315K, capacity 3685K, committed 3712K, reserved 1048576K
}
Event: 25.979 GC heap after
{Heap after GC invocations=37 (full 0):
 garbage-first heap   total 368640K, used 122029K [0x0000000700000000, 0x0000000800000000)
  region size 1024K, 4 young (4096K), 4 survivors (4096K)
 Metaspace       used 31342K, capacity 32306K, committed 32532K, reserved 1079296K
  class space    used 3315K, capacity 3685K, committed 3712K, reserved 1048576K
}

