# JRE version: Java(TM) SE Runtime Environment (14.0.2+12) (build 14.0.2+12-46)
# Java VM: Java HotSpot(TM) 64-Bit Server VM (14.0.2+12-46, mixed mode, sharing, tiered, compressed oops, g1 gc, windows-amd64)
Heap:
 garbage-first heap   total 198656K, used 144592K [0x0000000700000000, 0x0000000800000000)
  region size 1024K, 94 young (96256K), 9 survivors (9216K)
 Metaspace       used 35191K, capacity 36325K, committed 36608K, reserved 1081344K
  class space    used 4092K, capacity 4543K, committed 4608K, reserved 1048576K
GC Heap History (20 events):
Event: 5.555 GC heap before
{Heap before GC invocations=2 (full 0):
 garbage-first heap   total 262144K, used 162913K [0x0000000700000000, 0x0000000800000000)
  region size 1024K, 153 young (156672K), 3 survivors (3072K)
 Metaspace       used 8624K, capacity 9616K, committed 9728K, reserved 1058816K
  class space    used 858K, capacity 1024K, committed 1024K, reserved 1048576K
}
Event: 5.583 GC heap after
{Heap after GC invocations=3 (full 0):
 garbage-first heap   total 262144K, used 32138K [0x0000000700000000, 0x0000000800000000)
  region size 1024K, 20 young (20480K), 20 survivors (20480K)
 Metaspace       used 8624K, capacity 9616K, committed 9728K, reserved 1058816K
  class space    used 858K, capacity 1024K, committed 1024K, reserved 1048576K
}
Event: 6.244 GC heap before
{Heap before GC invocations=3 (full 0):
 garbage-first heap   total 262144K, used 112010K [0x0000000700000000, 0x0000000800000000)
  region size 1024K, 98 young (100352K), 20 survivors (20480K)
 Metaspace       used 8721K, capacity 9683K, committed 9728K, reserved 1058816K
  class space    used 858K, capacity 1024K, committed 1024K, reserved 1048576K
}
Event: 6.300 GC heap after
{Heap after GC invocations=4 (full 0):
 garbage-first heap   total 262144K, used 45093K [0x0000000700000000, 0x0000000800000000)
  region size 1024K, 13 young (13312K), 13 survivors (13312K)
 Metaspace       used 8721K, capacity 9683K, committed 9728K, reserved 1058816K
  class space    used 858K, capacity 1024K, committed 1024K, reserved 1048576K
}
Event: 7.833 GC heap before
{Heap before GC invocations=4 (full 0):
 garbage-first heap   total 262144K, used 110629K [0x0000000700000000, 0x0000000800000000)
  region size 1024K, 77 young (78848K), 13 survivors (13312K)
 Metaspace       used 12436K, capacity 12807K, committed 13056K, reserved 1060864K
  class space    used 1366K, capacity 1509K, committed 1536K, reserved 1048576K
}
Event: 7.862 GC heap after
{Heap after GC invocations=5 (full 0):
 garbage-first heap   total 325632K, used 47452K [0x0000000700000000, 0x0000000800000000)
  region size 1024K, 2 young (2048K), 2 survivors (2048K)
 Metaspace       used 12436K, capacity 12807K, committed 13056K, reserved 1060864K
  class space    used 1366K, capacity 1509K, committed 1536K, reserved 1048576K
}
Event: 9.801 GC heap before
{Heap before GC invocations=5 (full 0):
 garbage-first heap   total 325632K, used 204124K [0x0000000700000000, 0x0000000800000000)
  region size 1024K, 154 young (157696K), 2 survivors (2048K)
 Metaspace       used 15578K, capacity 16054K, committed 16256K, reserved 1062912K
  class space    used 1716K, capacity 1908K, committed 1920K, reserved 1048576K
}
Event: 9.812 GC heap after
{Heap after GC invocations=6 (full 0):
 garbage-first heap   total 325632K, used 48049K [0x0000000700000000, 0x0000000800000000)
  region size 1024K, 3 young (3072K), 3 survivors (3072K)
 Metaspace       used 15578K, capacity 16054K, committed 16256K, reserved 1062912K
  class space    used 1716K, capacity 1908K, committed 1920K, reserved 1048576K
}
Event: 11.730 GC heap before
{Heap before GC invocations=6 (full 0):
 garbage-first heap   total 325632K, used 241585K [0x0000000700000000, 0x0000000800000000)
  region size 1024K, 190 young (194560K), 3 survivors (3072K)
 Metaspace       used 19522K, capacity 20064K, committed 20224K, reserved 1067008K
  class space    used 2229K, capacity 2452K, committed 2560K, reserved 1048576K
}
Event: 11.742 GC heap after
{Heap after GC invocations=7 (full 0):
 garbage-first heap   total 325632K, used 52958K [0x0000000700000000, 0x0000000800000000)
  region size 1024K, 6 young (6144K), 6 survivors (6144K)
 Metaspace       used 19522K, capacity 20064K, committed 20224K, reserved 1067008K
  class space    used 2229K, capacity 2452K, committed 2560K, reserved 1048576K
}
Event: 12.153 GC heap before
{Heap before GC invocations=7 (full 0):
 garbage-first heap   total 325632K, used 69342K [0x0000000700000000, 0x0000000800000000)
  region size 1024K, 21 young (21504K), 6 survivors (6144K)
 Metaspace       used 20639K, capacity 21199K, committed 21248K, reserved 1069056K
  class space    used 2323K, capacity 2550K, committed 2560K, reserved 1048576K
}
Event: 12.168 GC heap after
{Heap after GC invocations=8 (full 0):
 garbage-first heap   total 325632K, used 54495K [0x0000000700000000, 0x0000000800000000)
  region size 1024K, 7 young (7168K), 7 survivors (7168K)
 Metaspace       used 20639K, capacity 21199K, committed 21248K, reserved 1069056K
  class space    used 2323K, capacity 2550K, committed 2560K, reserved 1048576K
}
Event: 15.639 GC heap before
{Heap before GC invocations=9 (full 0):
 garbage-first heap   total 194560K, used 193759K [0x0000000700000000, 0x0000000800000000)
  region size 1024K, 143 young (146432K), 7 survivors (7168K)
 Metaspace       used 30069K, capacity 30969K, committed 31232K, reserved 1077248K
  class space    used 3464K, capacity 3791K, committed 3840K, reserved 1048576K
}
Event: 15.663 GC heap after
{Heap after GC invocations=10 (full 0):
 garbage-first heap   total 204800K, used 55644K [0x0000000700000000, 0x0000000800000000)
  region size 1024K, 10 young (10240K), 10 survivors (10240K)
 Metaspace       used 30069K, capacity 30969K, committed 31232K, reserved 1077248K
  class space    used 3464K, capacity 3791K, committed 3840K, reserved 1048576K
}
Event: 30.176 GC heap before
{Heap before GC invocations=10 (full 0):
 garbage-first heap   total 204800K, used 155996K [0x0000000700000000, 0x0000000800000000)
  region size 1024K, 109 young (111616K), 10 survivors (10240K)
 Metaspace       used 34082K, capacity 35200K, committed 35456K, reserved 1081344K
  class space    used 4009K, capacity 4453K, committed 4480K, reserved 1048576K
}
Event: 30.205 GC heap after
{Heap after GC invocations=11 (full 0):
 garbage-first heap   total 204800K, used 56747K [0x0000000700000000, 0x0000000800000000)
  region size 1024K, 8 young (8192K), 8 survivors (8192K)
 Metaspace       used 34082K, capacity 35200K, committed 35456K, reserved 1081344K
  class space    used 4009K, capacity 4453K, committed 4480K, reserved 1048576K
}
Event: 46.308 GC heap before
{Heap before GC invocations=11 (full 0):
 garbage-first heap   total 204800K, used 119211K [0x0000000700000000, 0x0000000800000000)
  region size 1024K, 71 young (72704K), 8 survivors (8192K)
 Metaspace       used 34615K, capacity 35728K, committed 35840K, reserved 1081344K
  class space    used 4063K, capacity 4518K, committed 4608K, reserved 1048576K
}
Event: 46.325 GC heap after
{Heap after GC invocations=12 (full 0):
 garbage-first heap   total 204800K, used 57210K [0x0000000700000000, 0x0000000800000000)
  region size 1024K, 7 young (7168K), 7 survivors (7168K)
 Metaspace       used 34615K, capacity 35728K, committed 35840K, reserved 1081344K
  class space    used 4063K, capacity 4518K, committed 4608K, reserved 1048576K
}
Event: 76.548 GC heap before
{Heap before GC invocations=13 (full 0):
 garbage-first heap   total 198656K, used 165754K [0x0000000700000000, 0x0000000800000000)
  region size 1024K, 113 young (115712K), 7 survivors (7168K)
 Metaspace       used 34940K, capacity 36175K, committed 36352K, reserved 1081344K
  class space    used 4082K, capacity 4541K, committed 4608K, reserved 1048576K
}
Event: 76.565 GC heap after
{Heap after GC invocations=14 (full 0):
 garbage-first heap   total 198656K, used 58576K [0x0000000700000000, 0x0000000800000000)
  region size 1024K, 9 young (9216K), 9 survivors (9216K)
 Metaspace       used 34940K, capacity 36175K, committed 36352K, reserved 1081344K
  class space    used 4082K, capacity 4541K, committed 4608K, reserved 1048576K
}

