# JRE version: Java(TM) SE Runtime Environment (14.0.2+12) (build 14.0.2+12-46)
# Java VM: Java HotSpot(TM) 64-Bit Server VM (14.0.2+12-46, mixed mode, sharing, tiered, compressed oops, g1 gc, windows-amd64)
Heap:
 garbage-first heap   total 163840K, used 61078K [0x0000000700000000, 0x0000000800000000)
  region size 1024K, 9 young (9216K), 3 survivors (3072K)
 Metaspace       used 37023K, capacity 38349K, committed 38528K, reserved 1083392K
  class space    used 4132K, capacity 4611K, committed 4736K, reserved 1048576K
GC Heap History (20 events):
Event: 1336.811 GC heap before
{Heap before GC invocations=88 (full 0):
 garbage-first heap   total 163840K, used 142726K [0x0000000700000000, 0x0000000800000000)
  region size 1024K, 89 young (91136K), 3 survivors (3072K)
 Metaspace       used 36970K, capacity 38217K, committed 38528K, reserved 1083392K
  class space    used 4132K, capacity 4611K, committed 4736K, reserved 1048576K
}
Event: 1336.816 GC heap after
{Heap after GC invocations=89 (full 0):
 garbage-first heap   total 163840K, used 54540K [0x0000000700000000, 0x0000000800000000)
  region size 1024K, 3 young (3072K), 3 survivors (3072K)
 Metaspace       used 36970K, capacity 38217K, committed 38528K, reserved 1083392K
  class space    used 4132K, capacity 4611K, committed 4736K, reserved 1048576K
}
Event: 1350.765 GC heap before
{Heap before GC invocations=89 (full 0):
 garbage-first heap   total 163840K, used 142604K [0x0000000700000000, 0x0000000800000000)
  region size 1024K, 89 young (91136K), 3 survivors (3072K)
 Metaspace       used 36970K, capacity 38217K, committed 38528K, reserved 1083392K
  class space    used 4132K, capacity 4611K, committed 4736K, reserved 1048576K
}
Event: 1350.771 GC heap after
{Heap after GC invocations=90 (full 0):
 garbage-first heap   total 163840K, used 54752K [0x0000000700000000, 0x0000000800000000)
  region size 1024K, 3 young (3072K), 3 survivors (3072K)
 Metaspace       used 36970K, capacity 38217K, committed 38528K, reserved 1083392K
  class space    used 4132K, capacity 4611K, committed 4736K, reserved 1048576K
}
Event: 1367.509 GC heap before
{Heap before GC invocations=90 (full 0):
 garbage-first heap   total 163840K, used 142816K [0x0000000700000000, 0x0000000800000000)
  region size 1024K, 89 young (91136K), 3 survivors (3072K)
 Metaspace       used 36985K, capacity 38281K, committed 38528K, reserved 1083392K
  class space    used 4132K, capacity 4611K, committed 4736K, reserved 1048576K
}
Event: 1367.515 GC heap after
{Heap after GC invocations=91 (full 0):
 garbage-first heap   total 163840K, used 54885K [0x0000000700000000, 0x0000000800000000)
  region size 1024K, 3 young (3072K), 3 survivors (3072K)
 Metaspace       used 36985K, capacity 38281K, committed 38528K, reserved 1083392K
  class space    used 4132K, capacity 4611K, committed 4736K, reserved 1048576K
}
Event: 1380.576 GC heap before
{Heap before GC invocations=91 (full 0):
 garbage-first heap   total 163840K, used 141925K [0x0000000700000000, 0x0000000800000000)
  region size 1024K, 89 young (91136K), 3 survivors (3072K)
 Metaspace       used 36985K, capacity 38282K, committed 38528K, reserved 1083392K
  class space    used 4132K, capacity 4611K, committed 4736K, reserved 1048576K
}
Event: 1380.581 GC heap after
{Heap after GC invocations=92 (full 0):
 garbage-first heap   total 163840K, used 54748K [0x0000000700000000, 0x0000000800000000)
  region size 1024K, 3 young (3072K), 3 survivors (3072K)
 Metaspace       used 36985K, capacity 38282K, committed 38528K, reserved 1083392K
  class space    used 4132K, capacity 4611K, committed 4736K, reserved 1048576K
}
Event: 1406.297 GC heap before
{Heap before GC invocations=92 (full 0):
 garbage-first heap   total 163840K, used 142812K [0x0000000700000000, 0x0000000800000000)
  region size 1024K, 89 young (91136K), 3 survivors (3072K)
 Metaspace       used 36994K, capacity 38282K, committed 38528K, reserved 1083392K
  class space    used 4132K, capacity 4611K, committed 4736K, reserved 1048576K
}
Event: 1406.303 GC heap after
{Heap after GC invocations=93 (full 0):
 garbage-first heap   total 163840K, used 54929K [0x0000000700000000, 0x0000000800000000)
  region size 1024K, 3 young (3072K), 3 survivors (3072K)
 Metaspace       used 36994K, capacity 38282K, committed 38528K, reserved 1083392K
  class space    used 4132K, capacity 4611K, committed 4736K, reserved 1048576K
}
Event: 1418.189 GC heap before
{Heap before GC invocations=93 (full 0):
 garbage-first heap   total 163840K, used 141969K [0x0000000700000000, 0x0000000800000000)
  region size 1024K, 89 young (91136K), 3 survivors (3072K)
 Metaspace       used 36997K, capacity 38283K, committed 38528K, reserved 1083392K
  class space    used 4132K, capacity 4611K, committed 4736K, reserved 1048576K
}
Event: 1418.195 GC heap after
{Heap after GC invocations=94 (full 0):
 garbage-first heap   total 163840K, used 55079K [0x0000000700000000, 0x0000000800000000)
  region size 1024K, 3 young (3072K), 3 survivors (3072K)
 Metaspace       used 36997K, capacity 38283K, committed 38528K, reserved 1083392K
  class space    used 4132K, capacity 4611K, committed 4736K, reserved 1048576K
}
Event: 1438.554 GC heap before
{Heap before GC invocations=94 (full 0):
 garbage-first heap   total 163840K, used 143143K [0x0000000700000000, 0x0000000800000000)
  region size 1024K, 89 young (91136K), 3 survivors (3072K)
 Metaspace       used 37005K, capacity 38284K, committed 38528K, reserved 1083392K
  class space    used 4132K, capacity 4611K, committed 4736K, reserved 1048576K
}
Event: 1438.559 GC heap after
{Heap after GC invocations=95 (full 0):
 garbage-first heap   total 163840K, used 55041K [0x0000000700000000, 0x0000000800000000)
  region size 1024K, 3 young (3072K), 3 survivors (3072K)
 Metaspace       used 37005K, capacity 38284K, committed 38528K, reserved 1083392K
  class space    used 4132K, capacity 4611K, committed 4736K, reserved 1048576K
}
Event: 1469.879 GC heap before
{Heap before GC invocations=95 (full 0):
 garbage-first heap   total 163840K, used 143105K [0x0000000700000000, 0x0000000800000000)
  region size 1024K, 89 young (91136K), 3 survivors (3072K)
 Metaspace       used 37012K, capacity 38349K, committed 38528K, reserved 1083392K
  class space    used 4132K, capacity 4611K, committed 4736K, reserved 1048576K
}
Event: 1469.887 GC heap after
{Heap after GC invocations=96 (full 0):
 garbage-first heap   total 163840K, used 55163K [0x0000000700000000, 0x0000000800000000)
  region size 1024K, 3 young (3072K), 3 survivors (3072K)
 Metaspace       used 37012K, capacity 38349K, committed 38528K, reserved 1083392K
  class space    used 4132K, capacity 4611K, committed 4736K, reserved 1048576K
}
Event: 1488.062 GC heap before
{Heap before GC invocations=96 (full 0):
 garbage-first heap   total 163840K, used 142203K [0x0000000700000000, 0x0000000800000000)
  region size 1024K, 89 young (91136K), 3 survivors (3072K)
 Metaspace       used 37012K, capacity 38349K, committed 38528K, reserved 1083392K
  class space    used 4132K, capacity 4611K, committed 4736K, reserved 1048576K
}
Event: 1488.068 GC heap after
{Heap after GC invocations=97 (full 0):
 garbage-first heap   total 163840K, used 55320K [0x0000000700000000, 0x0000000800000000)
  region size 1024K, 3 young (3072K), 3 survivors (3072K)
 Metaspace       used 37012K, capacity 38349K, committed 38528K, reserved 1083392K
  class space    used 4132K, capacity 4611K, committed 4736K, reserved 1048576K
}
Event: 1523.806 GC heap before
{Heap before GC invocations=97 (full 0):
 garbage-first heap   total 163840K, used 143384K [0x0000000700000000, 0x0000000800000000)
  region size 1024K, 89 young (91136K), 3 survivors (3072K)
 Metaspace       used 37022K, capacity 38349K, committed 38528K, reserved 1083392K
  class space    used 4132K, capacity 4611K, committed 4736K, reserved 1048576K
}
Event: 1523.814 GC heap after
{Heap after GC invocations=98 (full 0):
 garbage-first heap   total 163840K, used 56405K [0x0000000700000000, 0x0000000800000000)
  region size 1024K, 4 young (4096K), 4 survivors (4096K)
 Metaspace       used 37022K, capacity 38349K, committed 38528K, reserved 1083392K
  class space    used 4132K, capacity 4611K, committed 4736K, reserved 1048576K
}

